This file contains any messages produced by compilers while
running configure, to aid debugging if configure makes a mistake.

It was created by algol68g configure 3.0.7, which was
generated by GNU Autoconf 2.69.  Invocation command line was

  $ ./configure 

## --------- ##
## Platform. ##
## --------- ##

hostname = main
uname -m = x86_64
uname -r = 5.19.3-arch1-1
uname -s = Linux
uname -v = #1 SMP PREEMPT_DYNAMIC Sun, 21 Aug 2022 18:55:22 +0000

/usr/bin/uname -p = unknown
/bin/uname -X     = unknown

/bin/arch              = unknown
/usr/bin/arch -k       = unknown
/usr/convex/getsysinfo = unknown
/usr/bin/hostinfo      = unknown
/bin/machine           = unknown
/usr/bin/oslevel       = unknown
/bin/universe          = unknown

PATH: /home/ae/perl5/bin
PATH: /home/ae/.nvm/versions/node/v18.8.0/bin
PATH: /home/ae/perl5/bin
PATH: /home/ae/.nvm/versions/node/v18.8.0/bin
PATH: /home/ae/.nvm/versions/node/v18.8.0/bin
PATH: /home/ae/.cargo/bin
PATH: /usr/local/sbin
PATH: /usr/local/bin
PATH: /usr/bin
PATH: /usr/local/sparse/bin
PATH: /home/ae/.dotnet/tools
PATH: /usr/lib/emscripten
PATH: /home/ae/.local/share/flatpak/exports/bin
PATH: /var/lib/flatpak/exports/bin
PATH: /usr/lib/jvm/default/bin
PATH: /usr/bin/site_perl
PATH: /usr/bin/vendor_perl
PATH: /usr/bin/core_perl
PATH: /home/ae/scripts
PATH: /opt/clion-*/bin
PATH: /opt/WebStorm-212.4746.80/bin
PATH: /opt/comma-ide/bin /opt/comma-ide-community/bin
PATH: /usr/share/perl6/vendor/bin
PATH: ~/.roswell/bin
PATH: ~/.roswell/bin


## ----------- ##
## Core tests. ##
## ----------- ##

configure:2373: host system...
configure:2408: checking build system type
configure:2422: result: x86_64-pc-linux-gnu
configure:2442: checking host system type
configure:2455: result: x86_64-pc-linux-gnu
configure:2475: checking target system type
configure:2488: result: x86_64-pc-linux-gnu
configure:2517: checking platform
configure:2533: result: linux
configure:2752: initialising...
configure:2770: checking for a BSD-compatible install
configure:2838: result: /usr/bin/install -c
configure:2849: checking whether build environment is sane
configure:2904: result: yes
configure:3050: checking for a thread-safe mkdir -p
configure:3089: result: /usr/bin/mkdir -p
configure:3096: checking for gawk
configure:3112: found /usr/bin/gawk
configure:3123: result: gawk
configure:3134: checking whether make sets $(MAKE)
configure:3156: result: yes
configure:3185: checking whether make supports nested variables
configure:3202: result: yes
configure:3335: checking for a68g
configure:3365: result: no
configure:3375: C compiler...
configure:3437: checking for gcc
configure:3453: found /usr/bin/gcc
configure:3464: result: gcc
configure:3495: checking for C compiler version
configure:3504: gcc --version >&5
gcc (GCC) 12.2.0
Copyright (C) 2022 Free Software Foundation, Inc.
This is free software; see the source for copying conditions.  There is NO
warranty; not even for MERCHANTABILITY or FITNESS FOR A PARTICULAR PURPOSE.

configure:3515: $? = 0
configure:3504: gcc -v >&5
Using built-in specs.
COLLECT_GCC=gcc
COLLECT_LTO_WRAPPER=/usr/lib/gcc/x86_64-pc-linux-gnu/12.2.0/lto-wrapper
Target: x86_64-pc-linux-gnu
Configured with: /build/gcc/src/gcc/configure --enable-languages=c,c++,ada,fortran,go,lto,objc,obj-c++,d --enable-bootstrap --prefix=/usr --libdir=/usr/lib --libexecdir=/usr/lib --mandir=/usr/share/man --infodir=/usr/share/info --with-bugurl=https://bugs.archlinux.org/ --with-build-config=bootstrap-lto --with-linker-hash-style=gnu --with-system-zlib --enable-__cxa_atexit --enable-cet=auto --enable-checking=release --enable-clocale=gnu --enable-default-pie --enable-default-ssp --enable-gnu-indirect-function --enable-gnu-unique-object --enable-libstdcxx-backtrace --enable-link-serialization=1 --enable-linker-build-id --enable-lto --enable-multilib --enable-plugin --enable-shared --enable-threads=posix --disable-libssp --disable-libstdcxx-pch --disable-werror
Thread model: posix
Supported LTO compression algorithms: zlib zstd
gcc version 12.2.0 (GCC) 
configure:3515: $? = 0
configure:3504: gcc -V >&5
gcc: error: unrecognized command-line option '-V'
gcc: fatal error: no input files
compilation terminated.
configure:3515: $? = 1
configure:3504: gcc -qversion >&5
gcc: error: unrecognized command-line option '-qversion'; did you mean '--version'?
gcc: fatal error: no input files
compilation terminated.
configure:3515: $? = 1
configure:3535: checking whether the C compiler works
configure:3557: gcc    conftest.c  >&5
configure:3561: $? = 0
configure:3609: result: yes
configure:3612: checking for C compiler default output file name
configure:3614: result: a.out
configure:3620: checking for suffix of executables
configure:3627: gcc -o conftest    conftest.c  >&5
configure:3631: $? = 0
configure:3653: result: 
configure:3675: checking whether we are cross compiling
configure:3683: gcc -o conftest    conftest.c  >&5
configure:3687: $? = 0
configure:3694: ./conftest
configure:3698: $? = 0
configure:3713: result: no
configure:3718: checking for suffix of object files
configure:3740: gcc -c   conftest.c >&5
configure:3744: $? = 0
configure:3765: result: o
configure:3769: checking whether we are using the GNU C compiler
configure:3788: gcc -c   conftest.c >&5
configure:3788: $? = 0
configure:3797: result: yes
configure:3806: checking whether gcc accepts -g
configure:3826: gcc -c -g  conftest.c >&5
configure:3826: $? = 0
configure:3867: result: yes
configure:3884: checking for gcc option to accept ISO C89
configure:3947: gcc  -c -g -O2  conftest.c >&5
configure:3947: $? = 0
configure:3960: result: none needed
configure:3985: checking whether gcc understands -c and -o together
configure:4007: gcc -c conftest.c -o conftest2.o
configure:4010: $? = 0
configure:4007: gcc -c conftest.c -o conftest2.o
configure:4010: $? = 0
configure:4022: result: yes
configure:4042: checking whether make supports the include directive
configure:4057: make -f confmf.GNU && cat confinc.out
this is the am__doit target
configure:4060: $? = 0
configure:4079: result: yes (GNU style)
configure:4104: checking dependency style of gcc
configure:4215: result: gcc3
configure:4251: checking whether gcc accepts -Wall
configure:4266: gcc -c -g -O2 -Wall  conftest.c >&5
configure:4266: $? = 0
configure:4267: result: yes
configure:4276: checking whether gcc accepts -Wshadow
configure:4291: gcc -c -g -O2 -Wall -Wshadow  conftest.c >&5
configure:4291: $? = 0
configure:4292: result: yes
configure:4301: checking whether gcc accepts -Wunused-variable
configure:4316: gcc -c -g -O2 -Wall -Wshadow -Wunused-variable  conftest.c >&5
configure:4316: $? = 0
configure:4317: result: yes
configure:4326: checking whether gcc accepts -Wunused-parameter
configure:4341: gcc -c -g -O2 -Wall -Wshadow -Wunused-variable -Wunused-parameter  conftest.c >&5
configure:4341: $? = 0
configure:4342: result: yes
configure:4351: checking whether gcc accepts -Wno-long-long
configure:4366: gcc -c -g -O2 -Wall -Wshadow -Wunused-variable -Wunused-parameter -Wno-long-long  conftest.c >&5
configure:4366: $? = 0
configure:4367: result: yes
configure:4376: checking whether gcc accepts -fno-diagnostics-color
configure:4391: gcc -c -g -O2 -Wall -Wshadow -Wunused-variable -Wunused-parameter -Wno-long-long -fno-diagnostics-color  conftest.c >&5
configure:4391: $? = 0
configure:4392: result: yes
configure:4404: checking __attribute__((aligned())) supported
configure:4424: gcc -o conftest -g -O2 -Wall -Wshadow -Wunused-variable -Wunused-parameter -Wno-long-long -fno-diagnostics-color   conftest.c  >&5
conftest.c: In function 'main':
conftest.c:19:13: warning: typedef 'aint' locally defined but not used [-Wunused-local-typedefs]
   19 | typedef int aint __attribute__((aligned(8)));
      |             ^~~~
configure:4424: $? = 0
configure:4424: ./conftest
configure:4424: $? = 0
configure:4425: result: yes
configure:4439: checking for inline
configure:4455: gcc -c -g -O2 -Wall -Wshadow -Wunused-variable -Wunused-parameter -Wno-long-long -fno-diagnostics-color  conftest.c >&5
configure:4455: $? = 0
configure:4463: result: inline
configure:4500: checking if gcc accepts -Wl,--export-dynamic
configure:4525: gcc -o conftest -g -O2 -Wall -Wshadow -Wunused-variable -Wunused-parameter -Wno-long-long -fno-diagnostics-color   -Wl,--export-dynamic conftest.c  >&5
configure:4525: $? = 0
configure:4525: ./conftest
configure:4525: $? = 0
configure:4526: result: yes
configure:4599: checking whether gcc accepts -fPIC
configure:4614: gcc -c -g -O2 -Wall -Wshadow -Wunused-variable -Wunused-parameter -Wno-long-long -fno-diagnostics-color -fPIC  conftest.c >&5
configure:4614: $? = 0
configure:4615: result: yes
configure:4642: checking how to run the C preprocessor
configure:4673: gcc -E  conftest.c
configure:4673: $? = 0
configure:4687: gcc -E  conftest.c
conftest.c:18:10: fatal error: ac_nonexistent.h: No such file or directory
   18 | #include <ac_nonexistent.h>
      |          ^~~~~~~~~~~~~~~~~~
compilation terminated.
configure:4687: $? = 1
configure: failed program was:
| /* confdefs.h */
| #define PACKAGE_NAME "algol68g"
| #define PACKAGE_TARNAME "algol68g"
| #define PACKAGE_VERSION "3.0.7"
| #define PACKAGE_STRING "algol68g 3.0.7"
| #define PACKAGE_BUGREPORT "Marcel van der Veer <algol68g@xs4all.nl>"
| #define PACKAGE_URL ""
| #define BUILD_LINUX 1
| #define HAVE_IEEE_754 1
| #define PACKAGE "algol68g"
| #define VERSION "3.0.7"
| #define HAVE_GCC 1
| #define C_COMPILER "gcc"
| #define INCLUDE_DIR ""
| #define HAVE_EXPORT_DYNAMIC 1
| #define HAVE_PIC "-fPIC"
| /* end confdefs.h.  */
| #include <ac_nonexistent.h>
configure:4712: result: gcc -E
configure:4732: gcc -E  conftest.c
configure:4732: $? = 0
configure:4746: gcc -E  conftest.c
conftest.c:18:10: fatal error: ac_nonexistent.h: No such file or directory
   18 | #include <ac_nonexistent.h>
      |          ^~~~~~~~~~~~~~~~~~
compilation terminated.
configure:4746: $? = 1
configure: failed program was:
| /* confdefs.h */
| #define PACKAGE_NAME "algol68g"
| #define PACKAGE_TARNAME "algol68g"
| #define PACKAGE_VERSION "3.0.7"
| #define PACKAGE_STRING "algol68g 3.0.7"
| #define PACKAGE_BUGREPORT "Marcel van der Veer <algol68g@xs4all.nl>"
| #define PACKAGE_URL ""
| #define BUILD_LINUX 1
| #define HAVE_IEEE_754 1
| #define PACKAGE "algol68g"
| #define VERSION "3.0.7"
| #define HAVE_GCC 1
| #define C_COMPILER "gcc"
| #define INCLUDE_DIR ""
| #define HAVE_EXPORT_DYNAMIC 1
| #define HAVE_PIC "-fPIC"
| /* end confdefs.h.  */
| #include <ac_nonexistent.h>
configure:4774: types...
configure:4777: checking for grep that handles long lines and -e
configure:4835: result: /usr/bin/grep
configure:4840: checking for egrep
configure:4902: result: /usr/bin/grep -E
configure:4907: checking for ANSI C header files
configure:4927: gcc -c -g -O2 -Wall -Wshadow -Wunused-variable -Wunused-parameter -Wno-long-long -fno-diagnostics-color  conftest.c >&5
configure:4927: $? = 0
configure:5000: gcc -o conftest -g -O2 -Wall -Wshadow -Wunused-variable -Wunused-parameter -Wno-long-long -fno-diagnostics-color   -Wl,--export-dynamic conftest.c  >&5
configure:5000: $? = 0
configure:5000: ./conftest
configure:5000: $? = 0
configure:5011: result: yes
configure:5024: checking for sys/types.h
configure:5024: gcc -c -g -O2 -Wall -Wshadow -Wunused-variable -Wunused-parameter -Wno-long-long -fno-diagnostics-color  conftest.c >&5
configure:5024: $? = 0
configure:5024: result: yes
configure:5024: checking for sys/stat.h
configure:5024: gcc -c -g -O2 -Wall -Wshadow -Wunused-variable -Wunused-parameter -Wno-long-long -fno-diagnostics-color  conftest.c >&5
configure:5024: $? = 0
configure:5024: result: yes
configure:5024: checking for stdlib.h
configure:5024: gcc -c -g -O2 -Wall -Wshadow -Wunused-variable -Wunused-parameter -Wno-long-long -fno-diagnostics-color  conftest.c >&5
configure:5024: $? = 0
configure:5024: result: yes
configure:5024: checking for string.h
configure:5024: gcc -c -g -O2 -Wall -Wshadow -Wunused-variable -Wunused-parameter -Wno-long-long -fno-diagnostics-color  conftest.c >&5
configure:5024: $? = 0
configure:5024: result: yes
configure:5024: checking for memory.h
configure:5024: gcc -c -g -O2 -Wall -Wshadow -Wunused-variable -Wunused-parameter -Wno-long-long -fno-diagnostics-color  conftest.c >&5
configure:5024: $? = 0
configure:5024: result: yes
configure:5024: checking for strings.h
configure:5024: gcc -c -g -O2 -Wall -Wshadow -Wunused-variable -Wunused-parameter -Wno-long-long -fno-diagnostics-color  conftest.c >&5
configure:5024: $? = 0
configure:5024: result: yes
configure:5024: checking for inttypes.h
configure:5024: gcc -c -g -O2 -Wall -Wshadow -Wunused-variable -Wunused-parameter -Wno-long-long -fno-diagnostics-color  conftest.c >&5
configure:5024: $? = 0
configure:5024: result: yes
configure:5024: checking for stdint.h
configure:5024: gcc -c -g -O2 -Wall -Wshadow -Wunused-variable -Wunused-parameter -Wno-long-long -fno-diagnostics-color  conftest.c >&5
configure:5024: $? = 0
configure:5024: result: yes
configure:5024: checking for unistd.h
configure:5024: gcc -c -g -O2 -Wall -Wshadow -Wunused-variable -Wunused-parameter -Wno-long-long -fno-diagnostics-color  conftest.c >&5
configure:5024: $? = 0
configure:5024: result: yes
configure:5036: checking whether char is unsigned
configure:5055: gcc -c -g -O2 -Wall -Wshadow -Wunused-variable -Wunused-parameter -Wno-long-long -fno-diagnostics-color  conftest.c >&5
configure:5055: $? = 0
configure:5062: result: no
configure:5069: checking for mode_t
configure:5069: gcc -c -g -O2 -Wall -Wshadow -Wunused-variable -Wunused-parameter -Wno-long-long -fno-diagnostics-color  conftest.c >&5
configure:5069: $? = 0
configure:5069: gcc -c -g -O2 -Wall -Wshadow -Wunused-variable -Wunused-parameter -Wno-long-long -fno-diagnostics-color  conftest.c >&5
conftest.c: In function 'main':
conftest.c:64:21: error: expected expression before ')' token
   64 | if (sizeof ((mode_t)))
      |                     ^
configure:5069: $? = 1
configure: failed program was:
| /* confdefs.h */
| #define PACKAGE_NAME "algol68g"
| #define PACKAGE_TARNAME "algol68g"
| #define PACKAGE_VERSION "3.0.7"
| #define PACKAGE_STRING "algol68g 3.0.7"
| #define PACKAGE_BUGREPORT "Marcel van der Veer <algol68g@xs4all.nl>"
| #define PACKAGE_URL ""
| #define BUILD_LINUX 1
| #define HAVE_IEEE_754 1
| #define PACKAGE "algol68g"
| #define VERSION "3.0.7"
| #define HAVE_GCC 1
| #define C_COMPILER "gcc"
| #define INCLUDE_DIR ""
| #define HAVE_EXPORT_DYNAMIC 1
| #define HAVE_PIC "-fPIC"
| #define STDC_HEADERS 1
| #define HAVE_SYS_TYPES_H 1
| #define HAVE_SYS_STAT_H 1
| #define HAVE_STDLIB_H 1
| #define HAVE_STRING_H 1
| #define HAVE_MEMORY_H 1
| #define HAVE_STRINGS_H 1
| #define HAVE_INTTYPES_H 1
| #define HAVE_STDINT_H 1
| #define HAVE_UNISTD_H 1
| /* end confdefs.h.  */
| #include <stdio.h>
| #ifdef HAVE_SYS_TYPES_H
| # include <sys/types.h>
| #endif
| #ifdef HAVE_SYS_STAT_H
| # include <sys/stat.h>
| #endif
| #ifdef STDC_HEADERS
| # include <stdlib.h>
| # include <stddef.h>
| #else
| # ifdef HAVE_STDLIB_H
| #  include <stdlib.h>
| # endif
| #endif
| #ifdef HAVE_STRING_H
| # if !defined STDC_HEADERS && defined HAVE_MEMORY_H
| #  include <memory.h>
| # endif
| # include <string.h>
| #endif
| #ifdef HAVE_STRINGS_H
| # include <strings.h>
| #endif
| #ifdef HAVE_INTTYPES_H
| # include <inttypes.h>
| #endif
| #ifdef HAVE_STDINT_H
| # include <stdint.h>
| #endif
| #ifdef HAVE_UNISTD_H
| # include <unistd.h>
| #endif
| int
| main ()
| {
| if (sizeof ((mode_t)))
| 	    return 0;
|   ;
|   return 0;
| }
configure:5069: result: yes
configure:5080: checking for size_t
configure:5080: gcc -c -g -O2 -Wall -Wshadow -Wunused-variable -Wunused-parameter -Wno-long-long -fno-diagnostics-color  conftest.c >&5
configure:5080: $? = 0
configure:5080: gcc -c -g -O2 -Wall -Wshadow -Wunused-variable -Wunused-parameter -Wno-long-long -fno-diagnostics-color  conftest.c >&5
conftest.c: In function 'main':
conftest.c:64:21: error: expected expression before ')' token
   64 | if (sizeof ((size_t)))
      |                     ^
configure:5080: $? = 1
configure: failed program was:
| /* confdefs.h */
| #define PACKAGE_NAME "algol68g"
| #define PACKAGE_TARNAME "algol68g"
| #define PACKAGE_VERSION "3.0.7"
| #define PACKAGE_STRING "algol68g 3.0.7"
| #define PACKAGE_BUGREPORT "Marcel van der Veer <algol68g@xs4all.nl>"
| #define PACKAGE_URL ""
| #define BUILD_LINUX 1
| #define HAVE_IEEE_754 1
| #define PACKAGE "algol68g"
| #define VERSION "3.0.7"
| #define HAVE_GCC 1
| #define C_COMPILER "gcc"
| #define INCLUDE_DIR ""
| #define HAVE_EXPORT_DYNAMIC 1
| #define HAVE_PIC "-fPIC"
| #define STDC_HEADERS 1
| #define HAVE_SYS_TYPES_H 1
| #define HAVE_SYS_STAT_H 1
| #define HAVE_STDLIB_H 1
| #define HAVE_STRING_H 1
| #define HAVE_MEMORY_H 1
| #define HAVE_STRINGS_H 1
| #define HAVE_INTTYPES_H 1
| #define HAVE_STDINT_H 1
| #define HAVE_UNISTD_H 1
| /* end confdefs.h.  */
| #include <stdio.h>
| #ifdef HAVE_SYS_TYPES_H
| # include <sys/types.h>
| #endif
| #ifdef HAVE_SYS_STAT_H
| # include <sys/stat.h>
| #endif
| #ifdef STDC_HEADERS
| # include <stdlib.h>
| # include <stddef.h>
| #else
| # ifdef HAVE_STDLIB_H
| #  include <stdlib.h>
| # endif
| #endif
| #ifdef HAVE_STRING_H
| # if !defined STDC_HEADERS && defined HAVE_MEMORY_H
| #  include <memory.h>
| # endif
| # include <string.h>
| #endif
| #ifdef HAVE_STRINGS_H
| # include <strings.h>
| #endif
| #ifdef HAVE_INTTYPES_H
| # include <inttypes.h>
| #endif
| #ifdef HAVE_STDINT_H
| # include <stdint.h>
| #endif
| #ifdef HAVE_UNISTD_H
| # include <unistd.h>
| #endif
| int
| main ()
| {
| if (sizeof ((size_t)))
| 	    return 0;
|   ;
|   return 0;
| }
configure:5080: result: yes
configure:5091: checking for ssize_t
configure:5091: gcc -c -g -O2 -Wall -Wshadow -Wunused-variable -Wunused-parameter -Wno-long-long -fno-diagnostics-color  conftest.c >&5
configure:5091: $? = 0
configure:5091: gcc -c -g -O2 -Wall -Wshadow -Wunused-variable -Wunused-parameter -Wno-long-long -fno-diagnostics-color  conftest.c >&5
conftest.c: In function 'main':
conftest.c:64:22: error: expected expression before ')' token
   64 | if (sizeof ((ssize_t)))
      |                      ^
configure:5091: $? = 1
configure: failed program was:
| /* confdefs.h */
| #define PACKAGE_NAME "algol68g"
| #define PACKAGE_TARNAME "algol68g"
| #define PACKAGE_VERSION "3.0.7"
| #define PACKAGE_STRING "algol68g 3.0.7"
| #define PACKAGE_BUGREPORT "Marcel van der Veer <algol68g@xs4all.nl>"
| #define PACKAGE_URL ""
| #define BUILD_LINUX 1
| #define HAVE_IEEE_754 1
| #define PACKAGE "algol68g"
| #define VERSION "3.0.7"
| #define HAVE_GCC 1
| #define C_COMPILER "gcc"
| #define INCLUDE_DIR ""
| #define HAVE_EXPORT_DYNAMIC 1
| #define HAVE_PIC "-fPIC"
| #define STDC_HEADERS 1
| #define HAVE_SYS_TYPES_H 1
| #define HAVE_SYS_STAT_H 1
| #define HAVE_STDLIB_H 1
| #define HAVE_STRING_H 1
| #define HAVE_MEMORY_H 1
| #define HAVE_STRINGS_H 1
| #define HAVE_INTTYPES_H 1
| #define HAVE_STDINT_H 1
| #define HAVE_UNISTD_H 1
| /* end confdefs.h.  */
| #include <stdio.h>
| #ifdef HAVE_SYS_TYPES_H
| # include <sys/types.h>
| #endif
| #ifdef HAVE_SYS_STAT_H
| # include <sys/stat.h>
| #endif
| #ifdef STDC_HEADERS
| # include <stdlib.h>
| # include <stddef.h>
| #else
| # ifdef HAVE_STDLIB_H
| #  include <stdlib.h>
| # endif
| #endif
| #ifdef HAVE_STRING_H
| # if !defined STDC_HEADERS && defined HAVE_MEMORY_H
| #  include <memory.h>
| # endif
| # include <string.h>
| #endif
| #ifdef HAVE_STRINGS_H
| # include <strings.h>
| #endif
| #ifdef HAVE_INTTYPES_H
| # include <inttypes.h>
| #endif
| #ifdef HAVE_STDINT_H
| # include <stdint.h>
| #endif
| #ifdef HAVE_UNISTD_H
| # include <unistd.h>
| #endif
| int
| main ()
| {
| if (sizeof ((ssize_t)))
| 	    return 0;
|   ;
|   return 0;
| }
configure:5091: result: yes
configure:5102: checking for uint16_t
configure:5102: gcc -c -g -O2 -Wall -Wshadow -Wunused-variable -Wunused-parameter -Wno-long-long -fno-diagnostics-color  conftest.c >&5
configure:5102: $? = 0
configure:5102: result: yes
configure:5115: checking __off_t or off_t
configure:5125: gcc -c -g -O2 -Wall -Wshadow -Wunused-variable -Wunused-parameter -Wno-long-long -fno-diagnostics-color  conftest.c >&5
configure:5125: $? = 0
configure:5126: result: __off_t
configure:5138: checking __pid_t or pid_t
configure:5148: gcc -c -g -O2 -Wall -Wshadow -Wunused-variable -Wunused-parameter -Wno-long-long -fno-diagnostics-color  conftest.c >&5
conftest.c:32:1: error: expected identifier or '(' before ')' token
   32 | )
      | ^
configure:5148: $? = 1
configure: failed program was:
| /* confdefs.h */
| #define PACKAGE_NAME "algol68g"
| #define PACKAGE_TARNAME "algol68g"
| #define PACKAGE_VERSION "3.0.7"
| #define PACKAGE_STRING "algol68g 3.0.7"
| #define PACKAGE_BUGREPORT "Marcel van der Veer <algol68g@xs4all.nl>"
| #define PACKAGE_URL ""
| #define BUILD_LINUX 1
| #define HAVE_IEEE_754 1
| #define PACKAGE "algol68g"
| #define VERSION "3.0.7"
| #define HAVE_GCC 1
| #define C_COMPILER "gcc"
| #define INCLUDE_DIR ""
| #define HAVE_EXPORT_DYNAMIC 1
| #define HAVE_PIC "-fPIC"
| #define STDC_HEADERS 1
| #define HAVE_SYS_TYPES_H 1
| #define HAVE_SYS_STAT_H 1
| #define HAVE_STDLIB_H 1
| #define HAVE_STRING_H 1
| #define HAVE_MEMORY_H 1
| #define HAVE_STRINGS_H 1
| #define HAVE_INTTYPES_H 1
| #define HAVE_STDINT_H 1
| #define HAVE_UNISTD_H 1
| /* end confdefs.h.  */
| 
| #include <unistd.h>
| #include <sys/types.h>
| __pid_t dummy;
| )
configure:5155: result: pid_t
configure:5164: checking __mode_t or mode_t
configure:5174: gcc -c -g -O2 -Wall -Wshadow -Wunused-variable -Wunused-parameter -Wno-long-long -fno-diagnostics-color  conftest.c >&5
configure:5174: $? = 0
configure:5175: result: __mode_t
configure:5191: extra include directories...
configure:5258: standard header files...
configure:5266: checking math.h usability
configure:5266: gcc -c -g -O2 -Wall -Wshadow -Wunused-variable -Wunused-parameter -Wno-long-long -fno-diagnostics-color -I/usr/include/postgresql  -I/usr/include/postgresql conftest.c >&5
configure:5266: $? = 0
configure:5266: result: yes
configure:5266: checking math.h presence
configure:5266: gcc -E  -I/usr/include/postgresql conftest.c
configure:5266: $? = 0
configure:5266: result: yes
configure:5266: checking for math.h
configure:5266: result: yes
configure:5276: checking for cos in -lm
configure:5301: gcc -o conftest -g -O2 -Wall -Wshadow -Wunused-variable -Wunused-parameter -Wno-long-long -fno-diagnostics-color -I/usr/include/postgresql  -I/usr/include/postgresql  -Wl,--export-dynamic -L/usr/lib conftest.c -lm   >&5
conftest.c:38:6: warning: conflicting types for built-in function 'cos'; expected 'double(double)' [-Wbuiltin-declaration-mismatch]
   38 | char cos ();
      |      ^~~
conftest.c:1:1: note: 'cos' is declared in header '<math.h>'
    1 | /* confdefs.h */
configure:5301: $? = 0
configure:5310: result: yes
configure:5322: checking for ANSI C header files
configure:5426: result: yes
configure:5435: checking whether to enable assertions
configure:5453: result: yes
configure:5459: checking for dirent.h that defines DIR
configure:5478: gcc -c -g -O2 -Wall -Wshadow -Wunused-variable -Wunused-parameter -Wno-long-long -fno-diagnostics-color -I/usr/include/postgresql  -I/usr/include/postgresql conftest.c >&5
configure:5478: $? = 0
configure:5486: result: yes
configure:5499: checking for library containing opendir
configure:5530: gcc -o conftest -g -O2 -Wall -Wshadow -Wunused-variable -Wunused-parameter -Wno-long-long -fno-diagnostics-color -I/usr/include/postgresql  -I/usr/include/postgresql  -Wl,--export-dynamic -L/usr/lib conftest.c -lm  >&5
configure:5530: $? = 0
configure:5547: result: none required
configure:5614: checking for sys/wait.h that is POSIX.1 compatible
configure:5640: gcc -c -g -O2 -Wall -Wshadow -Wunused-variable -Wunused-parameter -Wno-long-long -fno-diagnostics-color -I/usr/include/postgresql  -I/usr/include/postgresql conftest.c >&5
configure:5640: $? = 0
configure:5647: result: yes
configure:5655: checking whether termios.h defines TIOCGWINSZ
configure:5678: result: no
configure:5682: checking whether sys/ioctl.h defines TIOCGWINSZ
configure:5705: result: yes
configure:5719: checking assert.h usability
configure:5719: gcc -c -g -O2 -Wall -Wshadow -Wunused-variable -Wunused-parameter -Wno-long-long -fno-diagnostics-color -I/usr/include/postgresql  -I/usr/include/postgresql conftest.c >&5
configure:5719: $? = 0
configure:5719: result: yes
configure:5719: checking assert.h presence
configure:5719: gcc -E  -I/usr/include/postgresql conftest.c
configure:5719: $? = 0
configure:5719: result: yes
configure:5719: checking for assert.h
configure:5719: result: yes
configure:5719: checking complex.h usability
configure:5719: gcc -c -g -O2 -Wall -Wshadow -Wunused-variable -Wunused-parameter -Wno-long-long -fno-diagnostics-color -I/usr/include/postgresql  -I/usr/include/postgresql conftest.c >&5
configure:5719: $? = 0
configure:5719: result: yes
configure:5719: checking complex.h presence
configure:5719: gcc -E  -I/usr/include/postgresql conftest.c
configure:5719: $? = 0
configure:5719: result: yes
configure:5719: checking for complex.h
configure:5719: result: yes
configure:5719: checking ctype.h usability
configure:5719: gcc -c -g -O2 -Wall -Wshadow -Wunused-variable -Wunused-parameter -Wno-long-long -fno-diagnostics-color -I/usr/include/postgresql  -I/usr/include/postgresql conftest.c >&5
configure:5719: $? = 0
configure:5719: result: yes
configure:5719: checking ctype.h presence
configure:5719: gcc -E  -I/usr/include/postgresql conftest.c
configure:5719: $? = 0
configure:5719: result: yes
configure:5719: checking for ctype.h
configure:5719: result: yes
configure:5719: checking errno.h usability
configure:5719: gcc -c -g -O2 -Wall -Wshadow -Wunused-variable -Wunused-parameter -Wno-long-long -fno-diagnostics-color -I/usr/include/postgresql  -I/usr/include/postgresql conftest.c >&5
configure:5719: $? = 0
configure:5719: result: yes
configure:5719: checking errno.h presence
configure:5719: gcc -E  -I/usr/include/postgresql conftest.c
configure:5719: $? = 0
configure:5719: result: yes
configure:5719: checking for errno.h
configure:5719: result: yes
configure:5719: checking fcntl.h usability
configure:5719: gcc -c -g -O2 -Wall -Wshadow -Wunused-variable -Wunused-parameter -Wno-long-long -fno-diagnostics-color -I/usr/include/postgresql  -I/usr/include/postgresql conftest.c >&5
configure:5719: $? = 0
configure:5719: result: yes
configure:5719: checking fcntl.h presence
configure:5719: gcc -E  -I/usr/include/postgresql conftest.c
configure:5719: $? = 0
configure:5719: result: yes
configure:5719: checking for fcntl.h
configure:5719: result: yes
configure:5719: checking fenv.h usability
configure:5719: gcc -c -g -O2 -Wall -Wshadow -Wunused-variable -Wunused-parameter -Wno-long-long -fno-diagnostics-color -I/usr/include/postgresql  -I/usr/include/postgresql conftest.c >&5
configure:5719: $? = 0
configure:5719: result: yes
configure:5719: checking fenv.h presence
configure:5719: gcc -E  -I/usr/include/postgresql conftest.c
configure:5719: $? = 0
configure:5719: result: yes
configure:5719: checking for fenv.h
configure:5719: result: yes
configure:5719: checking float.h usability
configure:5719: gcc -c -g -O2 -Wall -Wshadow -Wunused-variable -Wunused-parameter -Wno-long-long -fno-diagnostics-color -I/usr/include/postgresql  -I/usr/include/postgresql conftest.c >&5
configure:5719: $? = 0
configure:5719: result: yes
configure:5719: checking float.h presence
configure:5719: gcc -E  -I/usr/include/postgresql conftest.c
configure:5719: $? = 0
configure:5719: result: yes
configure:5719: checking for float.h
configure:5719: result: yes
configure:5719: checking limits.h usability
configure:5719: gcc -c -g -O2 -Wall -Wshadow -Wunused-variable -Wunused-parameter -Wno-long-long -fno-diagnostics-color -I/usr/include/postgresql  -I/usr/include/postgresql conftest.c >&5
configure:5719: $? = 0
configure:5719: result: yes
configure:5719: checking limits.h presence
configure:5719: gcc -E  -I/usr/include/postgresql conftest.c
configure:5719: $? = 0
configure:5719: result: yes
configure:5719: checking for limits.h
configure:5719: result: yes
configure:5719: checking netdb.h usability
configure:5719: gcc -c -g -O2 -Wall -Wshadow -Wunused-variable -Wunused-parameter -Wno-long-long -fno-diagnostics-color -I/usr/include/postgresql  -I/usr/include/postgresql conftest.c >&5
configure:5719: $? = 0
configure:5719: result: yes
configure:5719: checking netdb.h presence
configure:5719: gcc -E  -I/usr/include/postgresql conftest.c
configure:5719: $? = 0
configure:5719: result: yes
configure:5719: checking for netdb.h
configure:5719: result: yes
configure:5719: checking netinet/in.h usability
configure:5719: gcc -c -g -O2 -Wall -Wshadow -Wunused-variable -Wunused-parameter -Wno-long-long -fno-diagnostics-color -I/usr/include/postgresql  -I/usr/include/postgresql conftest.c >&5
configure:5719: $? = 0
configure:5719: result: yes
configure:5719: checking netinet/in.h presence
configure:5719: gcc -E  -I/usr/include/postgresql conftest.c
configure:5719: $? = 0
configure:5719: result: yes
configure:5719: checking for netinet/in.h
configure:5719: result: yes
configure:5719: checking regex.h usability
configure:5719: gcc -c -g -O2 -Wall -Wshadow -Wunused-variable -Wunused-parameter -Wno-long-long -fno-diagnostics-color -I/usr/include/postgresql  -I/usr/include/postgresql conftest.c >&5
configure:5719: $? = 0
configure:5719: result: yes
configure:5719: checking regex.h presence
configure:5719: gcc -E  -I/usr/include/postgresql conftest.c
configure:5719: $? = 0
configure:5719: result: yes
configure:5719: checking for regex.h
configure:5719: result: yes
configure:5719: checking setjmp.h usability
configure:5719: gcc -c -g -O2 -Wall -Wshadow -Wunused-variable -Wunused-parameter -Wno-long-long -fno-diagnostics-color -I/usr/include/postgresql  -I/usr/include/postgresql conftest.c >&5
configure:5719: $? = 0
configure:5719: result: yes
configure:5719: checking setjmp.h presence
configure:5719: gcc -E  -I/usr/include/postgresql conftest.c
configure:5719: $? = 0
configure:5719: result: yes
configure:5719: checking for setjmp.h
configure:5719: result: yes
configure:5719: checking signal.h usability
configure:5719: gcc -c -g -O2 -Wall -Wshadow -Wunused-variable -Wunused-parameter -Wno-long-long -fno-diagnostics-color -I/usr/include/postgresql  -I/usr/include/postgresql conftest.c >&5
configure:5719: $? = 0
configure:5719: result: yes
configure:5719: checking signal.h presence
configure:5719: gcc -E  -I/usr/include/postgresql conftest.c
configure:5719: $? = 0
configure:5719: result: yes
configure:5719: checking for signal.h
configure:5719: result: yes
configure:5719: checking stdarg.h usability
configure:5719: gcc -c -g -O2 -Wall -Wshadow -Wunused-variable -Wunused-parameter -Wno-long-long -fno-diagnostics-color -I/usr/include/postgresql  -I/usr/include/postgresql conftest.c >&5
configure:5719: $? = 0
configure:5719: result: yes
configure:5719: checking stdarg.h presence
configure:5719: gcc -E  -I/usr/include/postgresql conftest.c
configure:5719: $? = 0
configure:5719: result: yes
configure:5719: checking for stdarg.h
configure:5719: result: yes
configure:5719: checking stddef.h usability
configure:5719: gcc -c -g -O2 -Wall -Wshadow -Wunused-variable -Wunused-parameter -Wno-long-long -fno-diagnostics-color -I/usr/include/postgresql  -I/usr/include/postgresql conftest.c >&5
configure:5719: $? = 0
configure:5719: result: yes
configure:5719: checking stddef.h presence
configure:5719: gcc -E  -I/usr/include/postgresql conftest.c
configure:5719: $? = 0
configure:5719: result: yes
configure:5719: checking for stddef.h
configure:5719: result: yes
configure:5719: checking stdio.h usability
configure:5719: gcc -c -g -O2 -Wall -Wshadow -Wunused-variable -Wunused-parameter -Wno-long-long -fno-diagnostics-color -I/usr/include/postgresql  -I/usr/include/postgresql conftest.c >&5
configure:5719: $? = 0
configure:5719: result: yes
configure:5719: checking stdio.h presence
configure:5719: gcc -E  -I/usr/include/postgresql conftest.c
configure:5719: $? = 0
configure:5719: result: yes
configure:5719: checking for stdio.h
configure:5719: result: yes
configure:5719: checking for stdlib.h
configure:5719: result: yes
configure:5719: checking sys/ioctl.h usability
configure:5719: gcc -c -g -O2 -Wall -Wshadow -Wunused-variable -Wunused-parameter -Wno-long-long -fno-diagnostics-color -I/usr/include/postgresql  -I/usr/include/postgresql conftest.c >&5
configure:5719: $? = 0
configure:5719: result: yes
configure:5719: checking sys/ioctl.h presence
configure:5719: gcc -E  -I/usr/include/postgresql conftest.c
configure:5719: $? = 0
configure:5719: result: yes
configure:5719: checking for sys/ioctl.h
configure:5719: result: yes
configure:5719: checking sys/resource.h usability
configure:5719: gcc -c -g -O2 -Wall -Wshadow -Wunused-variable -Wunused-parameter -Wno-long-long -fno-diagnostics-color -I/usr/include/postgresql  -I/usr/include/postgresql conftest.c >&5
configure:5719: $? = 0
configure:5719: result: yes
configure:5719: checking sys/resource.h presence
configure:5719: gcc -E  -I/usr/include/postgresql conftest.c
configure:5719: $? = 0
configure:5719: result: yes
configure:5719: checking for sys/resource.h
configure:5719: result: yes
configure:5719: checking sys/socket.h usability
configure:5719: gcc -c -g -O2 -Wall -Wshadow -Wunused-variable -Wunused-parameter -Wno-long-long -fno-diagnostics-color -I/usr/include/postgresql  -I/usr/include/postgresql conftest.c >&5
configure:5719: $? = 0
configure:5719: result: yes
configure:5719: checking sys/socket.h presence
configure:5719: gcc -E  -I/usr/include/postgresql conftest.c
configure:5719: $? = 0
configure:5719: result: yes
configure:5719: checking for sys/socket.h
configure:5719: result: yes
configure:5719: checking sys/time.h usability
configure:5719: gcc -c -g -O2 -Wall -Wshadow -Wunused-variable -Wunused-parameter -Wno-long-long -fno-diagnostics-color -I/usr/include/postgresql  -I/usr/include/postgresql conftest.c >&5
configure:5719: $? = 0
configure:5719: result: yes
configure:5719: checking sys/time.h presence
configure:5719: gcc -E  -I/usr/include/postgresql conftest.c
configure:5719: $? = 0
configure:5719: result: yes
configure:5719: checking for sys/time.h
configure:5719: result: yes
configure:5719: checking termios.h usability
configure:5719: gcc -c -g -O2 -Wall -Wshadow -Wunused-variable -Wunused-parameter -Wno-long-long -fno-diagnostics-color -I/usr/include/postgresql  -I/usr/include/postgresql conftest.c >&5
configure:5719: $? = 0
configure:5719: result: yes
configure:5719: checking termios.h presence
configure:5719: gcc -E  -I/usr/include/postgresql conftest.c
configure:5719: $? = 0
configure:5719: result: yes
configure:5719: checking for termios.h
configure:5719: result: yes
configure:5719: checking time.h usability
configure:5719: gcc -c -g -O2 -Wall -Wshadow -Wunused-variable -Wunused-parameter -Wno-long-long -fno-diagnostics-color -I/usr/include/postgresql  -I/usr/include/postgresql conftest.c >&5
configure:5719: $? = 0
configure:5719: result: yes
configure:5719: checking time.h presence
configure:5719: gcc -E  -I/usr/include/postgresql conftest.c
configure:5719: $? = 0
configure:5719: result: yes
configure:5719: checking for time.h
configure:5719: result: yes
configure:5734: standard functions...
configure:5738: checking for malloc
configure:5738: gcc -o conftest -g -O2 -Wall -Wshadow -Wunused-variable -Wunused-parameter -Wno-long-long -fno-diagnostics-color -I/usr/include/postgresql  -I/usr/include/postgresql  -Wl,--export-dynamic -L/usr/lib conftest.c -lm  >&5
conftest.c:82:6: warning: conflicting types for built-in function 'malloc'; expected 'void *(long unsigned int)' [-Wbuiltin-declaration-mismatch]
   82 | char malloc ();
      |      ^~~~~~
conftest.c:70:1: note: 'malloc' is declared in header '<stdlib.h>'
   69 | # include <limits.h>
   70 | #else
configure:5738: $? = 0
configure:5738: result: yes
configure:5749: checking for aligned_alloc
configure:5749: gcc -o conftest -g -O2 -Wall -Wshadow -Wunused-variable -Wunused-parameter -Wno-long-long -fno-diagnostics-color -I/usr/include/postgresql  -I/usr/include/postgresql  -Wl,--export-dynamic -L/usr/lib conftest.c -lm  >&5
conftest.c:83:6: warning: conflicting types for built-in function 'aligned_alloc'; expected 'void *(long unsigned int,  long unsigned int)' [-Wbuiltin-declaration-mismatch]
   83 | char aligned_alloc ();
      |      ^~~~~~~~~~~~~
conftest.c:71:1: note: 'aligned_alloc' is declared in header '<stdlib.h>'
   70 | # include <limits.h>
   71 | #else
configure:5749: $? = 0
configure:5749: result: yes
configure:5760: checking for free
configure:5760: gcc -o conftest -g -O2 -Wall -Wshadow -Wunused-variable -Wunused-parameter -Wno-long-long -fno-diagnostics-color -I/usr/include/postgresql  -I/usr/include/postgresql  -Wl,--export-dynamic -L/usr/lib conftest.c -lm  >&5
conftest.c:84:6: warning: conflicting types for built-in function 'free'; expected 'void(void *)' [-Wbuiltin-declaration-mismatch]
   84 | char free ();
      |      ^~~~
conftest.c:72:1: note: 'free' is declared in header '<stdlib.h>'
   71 | # include <limits.h>
   72 | #else
configure:5760: $? = 0
configure:5760: result: yes
configure:5771: checking for setjmp
configure:5771: gcc -o conftest -g -O2 -Wall -Wshadow -Wunused-variable -Wunused-parameter -Wno-long-long -fno-diagnostics-color -I/usr/include/postgresql  -I/usr/include/postgresql  -Wl,--export-dynamic -L/usr/lib conftest.c -lm  >&5
configure:5771: $? = 0
configure:5771: result: yes
configure:5782: checking for longjmp
configure:5782: gcc -o conftest -g -O2 -Wall -Wshadow -Wunused-variable -Wunused-parameter -Wno-long-long -fno-diagnostics-color -I/usr/include/postgresql  -I/usr/include/postgresql  -Wl,--export-dynamic -L/usr/lib conftest.c -lm  >&5
configure:5782: $? = 0
configure:5782: result: yes
configure:5793: checking for memcpy
configure:5793: gcc -o conftest -g -O2 -Wall -Wshadow -Wunused-variable -Wunused-parameter -Wno-long-long -fno-diagnostics-color -I/usr/include/postgresql  -I/usr/include/postgresql  -Wl,--export-dynamic -L/usr/lib conftest.c -lm  >&5
conftest.c:87:6: warning: conflicting types for built-in function 'memcpy'; expected 'void *(void *, const void *, long unsigned int)' [-Wbuiltin-declaration-mismatch]
   87 | char memcpy ();
      |      ^~~~~~
conftest.c:75:1: note: 'memcpy' is declared in header '<string.h>'
   74 | # include <limits.h>
   75 | #else
configure:5793: $? = 0
configure:5793: result: yes
configure:5804: checking for memmove
configure:5804: gcc -o conftest -g -O2 -Wall -Wshadow -Wunused-variable -Wunused-parameter -Wno-long-long -fno-diagnostics-color -I/usr/include/postgresql  -I/usr/include/postgresql  -Wl,--export-dynamic -L/usr/lib conftest.c -lm  >&5
conftest.c:88:6: warning: conflicting types for built-in function 'memmove'; expected 'void *(void *, const void *, long unsigned int)' [-Wbuiltin-declaration-mismatch]
   88 | char memmove ();
      |      ^~~~~~~
conftest.c:76:1: note: 'memmove' is declared in header '<string.h>'
   75 | # include <limits.h>
   76 | #else
configure:5804: $? = 0
configure:5804: result: yes
configure:5815: checking for memset
configure:5815: gcc -o conftest -g -O2 -Wall -Wshadow -Wunused-variable -Wunused-parameter -Wno-long-long -fno-diagnostics-color -I/usr/include/postgresql  -I/usr/include/postgresql  -Wl,--export-dynamic -L/usr/lib conftest.c -lm  >&5
conftest.c:89:6: warning: conflicting types for built-in function 'memset'; expected 'void *(void *, int,  long unsigned int)' [-Wbuiltin-declaration-mismatch]
   89 | char memset ();
      |      ^~~~~~
conftest.c:77:1: note: 'memset' is declared in header '<string.h>'
   76 | # include <limits.h>
   77 | #else
configure:5815: $? = 0
configure:5815: result: yes
configure:5826: checking for strcmp
configure:5826: gcc -o conftest -g -O2 -Wall -Wshadow -Wunused-variable -Wunused-parameter -Wno-long-long -fno-diagnostics-color -I/usr/include/postgresql  -I/usr/include/postgresql  -Wl,--export-dynamic -L/usr/lib conftest.c -lm  >&5
conftest.c:90:6: warning: conflicting types for built-in function 'strcmp'; expected 'int(const char *, const char *)' [-Wbuiltin-declaration-mismatch]
   90 | char strcmp ();
      |      ^~~~~~
conftest.c:78:1: note: 'strcmp' is declared in header '<string.h>'
   77 | # include <limits.h>
   78 | #else
configure:5826: $? = 0
configure:5826: result: yes
configure:5837: checking for strncmp
configure:5837: gcc -o conftest -g -O2 -Wall -Wshadow -Wunused-variable -Wunused-parameter -Wno-long-long -fno-diagnostics-color -I/usr/include/postgresql  -I/usr/include/postgresql  -Wl,--export-dynamic -L/usr/lib conftest.c -lm  >&5
conftest.c:91:6: warning: conflicting types for built-in function 'strncmp'; expected 'int(const char *, const char *, long unsigned int)' [-Wbuiltin-declaration-mismatch]
   91 | char strncmp ();
      |      ^~~~~~~
conftest.c:79:1: note: 'strncmp' is declared in header '<string.h>'
   78 | # include <limits.h>
   79 | #else
configure:5837: $? = 0
configure:5837: result: yes
configure:5848: checking for strncpy
configure:5848: gcc -o conftest -g -O2 -Wall -Wshadow -Wunused-variable -Wunused-parameter -Wno-long-long -fno-diagnostics-color -I/usr/include/postgresql  -I/usr/include/postgresql  -Wl,--export-dynamic -L/usr/lib conftest.c -lm  >&5
conftest.c:92:6: warning: conflicting types for built-in function 'strncpy'; expected 'char *(char *, const char *, long unsigned int)' [-Wbuiltin-declaration-mismatch]
   92 | char strncpy ();
      |      ^~~~~~~
conftest.c:80:1: note: 'strncpy' is declared in header '<string.h>'
   79 | # include <limits.h>
   80 | #else
configure:5848: $? = 0
configure:5848: result: yes
configure:5859: checking for printf
configure:5859: gcc -o conftest -g -O2 -Wall -Wshadow -Wunused-variable -Wunused-parameter -Wno-long-long -fno-diagnostics-color -I/usr/include/postgresql  -I/usr/include/postgresql  -Wl,--export-dynamic -L/usr/lib conftest.c -lm  >&5
conftest.c:93:6: warning: conflicting types for built-in function 'printf'; expected 'int(const char *, ...)' [-Wbuiltin-declaration-mismatch]
   93 | char printf ();
      |      ^~~~~~
conftest.c:81:1: note: 'printf' is declared in header '<stdio.h>'
   80 | # include <limits.h>
   81 | #else
configure:5859: $? = 0
configure:5859: result: yes
configure:5870: checking for fprintf
configure:5870: gcc -o conftest -g -O2 -Wall -Wshadow -Wunused-variable -Wunused-parameter -Wno-long-long -fno-diagnostics-color -I/usr/include/postgresql  -I/usr/include/postgresql  -Wl,--export-dynamic -L/usr/lib conftest.c -lm  >&5
conftest.c:94:6: warning: conflicting types for built-in function 'fprintf'; expected 'int(void *, const char *, ...)' [-Wbuiltin-declaration-mismatch]
   94 | char fprintf ();
      |      ^~~~~~~
conftest.c:82:1: note: 'fprintf' is declared in header '<stdio.h>'
   81 | # include <limits.h>
   82 | #else
configure:5870: $? = 0
configure:5870: result: yes
configure:5881: checking for snprintf
configure:5881: gcc -o conftest -g -O2 -Wall -Wshadow -Wunused-variable -Wunused-parameter -Wno-long-long -fno-diagnostics-color -I/usr/include/postgresql  -I/usr/include/postgresql  -Wl,--export-dynamic -L/usr/lib conftest.c -lm  >&5
conftest.c:95:6: warning: conflicting types for built-in function 'snprintf'; expected 'int(char *, long unsigned int,  const char *, ...)' [-Wbuiltin-declaration-mismatch]
   95 | char snprintf ();
      |      ^~~~~~~~
conftest.c:83:1: note: 'snprintf' is declared in header '<stdio.h>'
   82 | # include <limits.h>
   83 | #else
configure:5881: $? = 0
configure:5881: result: yes
configure:5892: checking for signal
configure:5892: gcc -o conftest -g -O2 -Wall -Wshadow -Wunused-variable -Wunused-parameter -Wno-long-long -fno-diagnostics-color -I/usr/include/postgresql  -I/usr/include/postgresql  -Wl,--export-dynamic -L/usr/lib conftest.c -lm  >&5
configure:5892: $? = 0
configure:5892: result: yes
configure:5903: checking for exit
configure:5903: gcc -o conftest -g -O2 -Wall -Wshadow -Wunused-variable -Wunused-parameter -Wno-long-long -fno-diagnostics-color -I/usr/include/postgresql  -I/usr/include/postgresql  -Wl,--export-dynamic -L/usr/lib conftest.c -lm  >&5
conftest.c:97:6: warning: conflicting types for built-in function 'exit'; expected 'void(int)' [-Wbuiltin-declaration-mismatch]
   97 | char exit ();
      |      ^~~~
conftest.c:85:1: note: 'exit' is declared in header '<stdlib.h>'
   84 | # include <limits.h>
   85 | #else
configure:5903: $? = 0
configure:5903: result: yes
configure:5914: checking for sqrt
configure:5914: gcc -o conftest -g -O2 -Wall -Wshadow -Wunused-variable -Wunused-parameter -Wno-long-long -fno-diagnostics-color -I/usr/include/postgresql  -I/usr/include/postgresql  -Wl,--export-dynamic -L/usr/lib conftest.c -lm  >&5
conftest.c:98:6: warning: conflicting types for built-in function 'sqrt'; expected 'double(double)' [-Wbuiltin-declaration-mismatch]
   98 | char sqrt ();
      |      ^~~~
conftest.c:86:1: note: 'sqrt' is declared in header '<math.h>'
   85 | # include <limits.h>
   86 | #else
configure:5914: $? = 0
configure:5914: result: yes
configure:5925: checking for csqrt
configure:5925: gcc -o conftest -g -O2 -Wall -Wshadow -Wunused-variable -Wunused-parameter -Wno-long-long -fno-diagnostics-color -I/usr/include/postgresql  -I/usr/include/postgresql  -Wl,--export-dynamic -L/usr/lib conftest.c -lm  >&5
conftest.c:99:6: warning: conflicting types for built-in function 'csqrt'; expected '_Complex double(_Complex double)' [-Wbuiltin-declaration-mismatch]
   99 | char csqrt ();
      |      ^~~~~
conftest.c:87:1: note: 'csqrt' is declared in header '<complex.h>'
   86 | # include <limits.h>
   87 | #else
configure:5925: $? = 0
configure:5925: result: yes
configure:5936: checking for isfinite
configure:5936: gcc -o conftest -g -O2 -Wall -Wshadow -Wunused-variable -Wunused-parameter -Wno-long-long -fno-diagnostics-color -I/usr/include/postgresql  -I/usr/include/postgresql  -Wl,--export-dynamic -L/usr/lib conftest.c -lm  >&5
/usr/bin/ld: /tmp/ccu9ghkZ.o: in function `main':
/home/ae/libs/algol68g-3.0.7/conftest.c:111: undefined reference to `isfinite'
collect2: error: ld returned 1 exit status
configure:5936: $? = 1
configure: failed program was:
| /* confdefs.h */
| #define PACKAGE_NAME "algol68g"
| #define PACKAGE_TARNAME "algol68g"
| #define PACKAGE_VERSION "3.0.7"
| #define PACKAGE_STRING "algol68g 3.0.7"
| #define PACKAGE_BUGREPORT "Marcel van der Veer <algol68g@xs4all.nl>"
| #define PACKAGE_URL ""
| #define BUILD_LINUX 1
| #define HAVE_IEEE_754 1
| #define PACKAGE "algol68g"
| #define VERSION "3.0.7"
| #define HAVE_GCC 1
| #define C_COMPILER "gcc"
| #define INCLUDE_DIR ""
| #define HAVE_EXPORT_DYNAMIC 1
| #define HAVE_PIC "-fPIC"
| #define STDC_HEADERS 1
| #define HAVE_SYS_TYPES_H 1
| #define HAVE_SYS_STAT_H 1
| #define HAVE_STDLIB_H 1
| #define HAVE_STRING_H 1
| #define HAVE_MEMORY_H 1
| #define HAVE_STRINGS_H 1
| #define HAVE_INTTYPES_H 1
| #define HAVE_STDINT_H 1
| #define HAVE_UNISTD_H 1
| #define a68_pid_t pid_t
| #define HAVE_USR_INCLUDE_POSTGRESQL 1
| #define HAVE_MATH_H 1
| #define HAVE_LIBM 1
| #define STDC_HEADERS 1
| #define HAVE_DIRENT_H 1
| #define HAVE_SYS_WAIT_H 1
| #define GWINSZ_IN_SYS_IOCTL 1
| #define HAVE_ASSERT_H 1
| #define HAVE_COMPLEX_H 1
| #define HAVE_CTYPE_H 1
| #define HAVE_ERRNO_H 1
| #define HAVE_FCNTL_H 1
| #define HAVE_FENV_H 1
| #define HAVE_FLOAT_H 1
| #define HAVE_LIMITS_H 1
| #define HAVE_NETDB_H 1
| #define HAVE_NETINET_IN_H 1
| #define HAVE_REGEX_H 1
| #define HAVE_SETJMP_H 1
| #define HAVE_SIGNAL_H 1
| #define HAVE_STDARG_H 1
| #define HAVE_STDDEF_H 1
| #define HAVE_STDIO_H 1
| #define HAVE_STDLIB_H 1
| #define HAVE_SYS_IOCTL_H 1
| #define HAVE_SYS_RESOURCE_H 1
| #define HAVE_SYS_SOCKET_H 1
| #define HAVE_SYS_TIME_H 1
| #define HAVE_TERMIOS_H 1
| #define HAVE_TIME_H 1
| #define HAVE_MALLOC 1
| #define HAVE_ALIGNED_ALLOC 1
| #define HAVE_FREE 1
| #define HAVE_SETJMP 1
| #define HAVE_LONGJMP 1
| #define HAVE_MEMCPY 1
| #define HAVE_MEMMOVE 1
| #define HAVE_MEMSET 1
| #define HAVE_STRCMP 1
| #define HAVE_STRNCMP 1
| #define HAVE_STRNCPY 1
| #define HAVE_PRINTF 1
| #define HAVE_FPRINTF 1
| #define HAVE_SNPRINTF 1
| #define HAVE_SIGNAL 1
| #define HAVE_EXIT 1
| #define HAVE_SQRT 1
| #define HAVE_CSQRT 1
| /* end confdefs.h.  */
| /* Define isfinite to an innocuous variant, in case <limits.h> declares isfinite.
|    For example, HP-UX 11i <limits.h> declares gettimeofday.  */
| #define isfinite innocuous_isfinite
| 
| /* System header to define __stub macros and hopefully few prototypes,
|     which can conflict with char isfinite (); below.
|     Prefer <limits.h> to <assert.h> if __STDC__ is defined, since
|     <limits.h> exists even on freestanding compilers.  */
| 
| #ifdef __STDC__
| # include <limits.h>
| #else
| # include <assert.h>
| #endif
| 
| #undef isfinite
| 
| /* Override any GCC internal prototype to avoid an error.
|    Use char because int might match the return type of a GCC
|    builtin and then its argument prototype would still apply.  */
| #ifdef __cplusplus
| extern "C"
| #endif
| char isfinite ();
| /* The GNU C library defines this for functions which it implements
|     to always fail with ENOSYS.  Some functions are actually named
|     something starting with __ and the normal name is an alias.  */
| #if defined __stub_isfinite || defined __stub___isfinite
| choke me
| #endif
| 
| int
| main ()
| {
| return isfinite ();
|   ;
|   return 0;
| }
configure:5936: result: no
configure:5947: checking for finite
configure:5947: gcc -o conftest -g -O2 -Wall -Wshadow -Wunused-variable -Wunused-parameter -Wno-long-long -fno-diagnostics-color -I/usr/include/postgresql  -I/usr/include/postgresql  -Wl,--export-dynamic -L/usr/lib conftest.c -lm  >&5
conftest.c:100:6: warning: conflicting types for built-in function 'finite'; expected 'int(double)' [-Wbuiltin-declaration-mismatch]
  100 | char finite ();
      |      ^~~~~~
configure:5947: $? = 0
configure:5947: result: yes
configure:5958: checking for isnan
configure:5958: gcc -o conftest -g -O2 -Wall -Wshadow -Wunused-variable -Wunused-parameter -Wno-long-long -fno-diagnostics-color -I/usr/include/postgresql  -I/usr/include/postgresql  -Wl,--export-dynamic -L/usr/lib conftest.c -lm  >&5
conftest.c:101:6: warning: conflicting types for built-in function 'isnan'; expected 'int()' [-Wbuiltin-declaration-mismatch]
  101 | char isnan ();
      |      ^~~~~
conftest.c:89:1: note: 'isnan' is declared in header '<math.h>'
   88 | # include <limits.h>
   89 | #else
configure:5958: $? = 0
configure:5958: result: yes
configure:5969: checking for isinf
configure:5969: gcc -o conftest -g -O2 -Wall -Wshadow -Wunused-variable -Wunused-parameter -Wno-long-long -fno-diagnostics-color -I/usr/include/postgresql  -I/usr/include/postgresql  -Wl,--export-dynamic -L/usr/lib conftest.c -lm  >&5
conftest.c:102:6: warning: conflicting types for built-in function 'isinf'; expected 'int()' [-Wbuiltin-declaration-mismatch]
  102 | char isinf ();
      |      ^~~~~
conftest.c:90:1: note: 'isinf' is declared in header '<math.h>'
   89 | # include <limits.h>
   90 | #else
configure:5969: $? = 0
configure:5969: result: yes
configure:5979: optional headers and libraries...
configure:5983: checking int is 32 bit
configure:6002: gcc -o conftest -g -O2 -Wall -Wshadow -Wunused-variable -Wunused-parameter -Wno-long-long -fno-diagnostics-color -I/usr/include/postgresql  -I/usr/include/postgresql  -Wl,--export-dynamic -L/usr/lib conftest.c -lm  >&5
configure:6002: $? = 0
configure:6002: ./conftest
configure:6002: $? = 0
configure:6003: result: yes
configure:6014: checking unsigned is 32 bit
configure:6033: gcc -o conftest -g -O2 -Wall -Wshadow -Wunused-variable -Wunused-parameter -Wno-long-long -fno-diagnostics-color -I/usr/include/postgresql  -I/usr/include/postgresql  -Wl,--export-dynamic -L/usr/lib conftest.c -lm  >&5
configure:6033: $? = 0
configure:6033: ./conftest
configure:6033: $? = 0
configure:6034: result: yes
configure:6045: checking double is 64 bit
configure:6064: gcc -o conftest -g -O2 -Wall -Wshadow -Wunused-variable -Wunused-parameter -Wno-long-long -fno-diagnostics-color -I/usr/include/postgresql  -I/usr/include/postgresql  -Wl,--export-dynamic -L/usr/lib conftest.c -lm  >&5
configure:6064: $? = 0
configure:6064: ./conftest
configure:6064: $? = 0
configure:6065: result: yes
configure:6076: checking uint64_t is 64 bit
configure:6095: gcc -o conftest -g -O2 -Wall -Wshadow -Wunused-variable -Wunused-parameter -Wno-long-long -fno-diagnostics-color -I/usr/include/postgresql  -I/usr/include/postgresql  -Wl,--export-dynamic -L/usr/lib conftest.c -lm  >&5
configure:6095: $? = 0
configure:6095: ./conftest
configure:6095: $? = 0
configure:6096: result: yes
configure:6118: checking 64-bit long long int is available
configure:6137: gcc -o conftest -g -O2 -Wall -Wshadow -Wunused-variable -Wunused-parameter -Wno-long-long -fno-diagnostics-color -I/usr/include/postgresql  -I/usr/include/postgresql  -Wl,--export-dynamic -L/usr/lib conftest.c -lm  >&5
configure:6137: $? = 0
configure:6137: ./conftest
configure:6137: $? = 0
configure:6138: result: yes
configure:6149: checking 64-bit long long unsigned is available
configure:6168: gcc -o conftest -g -O2 -Wall -Wshadow -Wunused-variable -Wunused-parameter -Wno-long-long -fno-diagnostics-color -I/usr/include/postgresql  -I/usr/include/postgresql  -Wl,--export-dynamic -L/usr/lib conftest.c -lm  >&5
configure:6168: $? = 0
configure:6168: ./conftest
configure:6168: $? = 0
configure:6169: result: yes
configure:6180: checking 80-bit __float80 is available
configure:6199: gcc -o conftest -g -O2 -Wall -Wshadow -Wunused-variable -Wunused-parameter -Wno-long-long -fno-diagnostics-color -I/usr/include/postgresql  -I/usr/include/postgresql  -Wl,--export-dynamic -L/usr/lib conftest.c -lm  >&5
configure:6199: $? = 0
configure:6199: ./conftest
configure:6199: $? = 0
configure:6200: result: yes
configure:6211: checking 80-bit __float80 has 64-bit mantissa
configure:6230: gcc -o conftest -g -O2 -Wall -Wshadow -Wunused-variable -Wunused-parameter -Wno-long-long -fno-diagnostics-color -I/usr/include/postgresql  -I/usr/include/postgresql  -Wl,--export-dynamic -L/usr/lib conftest.c -lm  >&5
configure:6230: $? = 0
configure:6230: ./conftest
configure:6230: $? = 0
configure:6231: result: yes
configure:6242: checking 128-bit __float128 is available
configure:6261: gcc -o conftest -g -O2 -Wall -Wshadow -Wunused-variable -Wunused-parameter -Wno-long-long -fno-diagnostics-color -I/usr/include/postgresql  -I/usr/include/postgresql  -Wl,--export-dynamic -L/usr/lib conftest.c -lm  >&5
configure:6261: $? = 0
configure:6261: ./conftest
configure:6261: $? = 0
configure:6262: result: yes
configure:6282: quadmath...
configure:6286: checking quadmath.h usability
configure:6286: gcc -c -g -O2 -Wall -Wshadow -Wunused-variable -Wunused-parameter -Wno-long-long -fno-diagnostics-color -I/usr/include/postgresql  -I/usr/include/postgresql conftest.c >&5
configure:6286: $? = 0
configure:6286: result: yes
configure:6286: checking quadmath.h presence
configure:6286: gcc -E  -I/usr/include/postgresql conftest.c
configure:6286: $? = 0
configure:6286: result: yes
configure:6286: checking for quadmath.h
configure:6286: result: yes
configure:6298: checking for lgammaq in -lquadmath
configure:6323: gcc -o conftest -g -O2 -Wall -Wshadow -Wunused-variable -Wunused-parameter -Wno-long-long -fno-diagnostics-color -I/usr/include/postgresql  -I/usr/include/postgresql  -Wl,--export-dynamic -L/usr/lib conftest.c -lquadmath  -lm  >&5
configure:6323: $? = 0
configure:6332: result: yes
configure:6359: GNU MPFR...
configure:6361: checking for __gmpz_init in -lgmp
configure:6386: gcc -o conftest -g -O2 -Wall -Wshadow -Wunused-variable -Wunused-parameter -Wno-long-long -fno-diagnostics-color -I/usr/include/postgresql  -I/usr/include/postgresql  -Wl,--export-dynamic -L/usr/lib conftest.c -lgmp  -lquadmath -lm  >&5
configure:6386: $? = 0
configure:6395: result: yes
configure:6411: checking mpfr.h usability
configure:6411: gcc -c -g -O2 -Wall -Wshadow -Wunused-variable -Wunused-parameter -Wno-long-long -fno-diagnostics-color -I/usr/include/postgresql  -I/usr/include/postgresql conftest.c >&5
configure:6411: $? = 0
configure:6411: result: yes
configure:6411: checking mpfr.h presence
configure:6411: gcc -E  -I/usr/include/postgresql conftest.c
configure:6411: $? = 0
configure:6411: result: yes
configure:6411: checking for mpfr.h
configure:6411: result: yes
configure:6422: checking for mpfr_gamma in -lmpfr
configure:6447: gcc -o conftest -g -O2 -Wall -Wshadow -Wunused-variable -Wunused-parameter -Wno-long-long -fno-diagnostics-color -I/usr/include/postgresql  -I/usr/include/postgresql  -Wl,--export-dynamic -L/usr/lib conftest.c -lmpfr  -lgmp -lquadmath -lm  >&5
configure:6447: $? = 0
configure:6456: result: yes
configure:6470: checking for mpfr_gamma_inc in -lmpfr
configure:6495: gcc -o conftest -g -O2 -Wall -Wshadow -Wunused-variable -Wunused-parameter -Wno-long-long -fno-diagnostics-color -I/usr/include/postgresql  -I/usr/include/postgresql  -Wl,--export-dynamic -L/usr/lib conftest.c -lmpfr  -lmpfr -lgmp -lquadmath -lm  >&5
configure:6495: $? = 0
configure:6504: result: yes
configure:6525: POSIX pthreads...
configure:6529: checking pthread.h usability
configure:6529: gcc -c -g -O2 -Wall -Wshadow -Wunused-variable -Wunused-parameter -Wno-long-long -fno-diagnostics-color -I/usr/include/postgresql  -I/usr/include/postgresql conftest.c >&5
configure:6529: $? = 0
configure:6529: result: yes
configure:6529: checking pthread.h presence
configure:6529: gcc -E  -I/usr/include/postgresql conftest.c
configure:6529: $? = 0
configure:6529: result: yes
configure:6529: checking for pthread.h
configure:6529: result: yes
configure:6541: checking for pthread_attr_getstacksize in -lpthread
configure:6566: gcc -o conftest -g -O2 -Wall -Wshadow -Wunused-variable -Wunused-parameter -Wno-long-long -fno-diagnostics-color -I/usr/include/postgresql  -I/usr/include/postgresql  -Wl,--export-dynamic -L/usr/lib conftest.c -lpthread  -lmpfr -lgmp -lquadmath -lm  >&5
configure:6566: $? = 0
configure:6575: result: yes
configure:6596: mathlib...
configure:6600: checking for Rmath.h
configure:6600: gcc -c -g -O2 -Wall -Wshadow -Wunused-variable -Wunused-parameter -Wno-long-long -fno-diagnostics-color -I/usr/include/postgresql  -I/usr/include/postgresql conftest.c >&5
configure:6600: $? = 0
configure:6600: result: yes
configure:6615: checking for ptukey in -lRmath
configure:6640: gcc -o conftest -g -O2 -Wall -Wshadow -Wunused-variable -Wunused-parameter -Wno-long-long -fno-diagnostics-color -I/usr/include/postgresql  -I/usr/include/postgresql  -Wl,--export-dynamic -L/usr/lib conftest.c -lRmath  -lpthread -lmpfr -lgmp -lquadmath -lm  >&5
configure:6640: $? = 0
configure:6649: result: yes
configure:6670: GNU Scientific Library...
configure:6708: checking for gsl-config
configure:6726: found /usr/bin/gsl-config
configure:6739: result: /usr/bin/gsl-config
configure:6748: checking for GSL version >= 2.5
configure:6842: gcc -o conftest -g -O2 -Wall -Wshadow -Wunused-variable -Wunused-parameter -Wno-long-long -fno-diagnostics-color -I/usr/include/postgresql -I/usr/include  -I/usr/include/postgresql  -Wl,--export-dynamic -L/usr/lib conftest.c -lRmath -lpthread -lmpfr -lgmp -lquadmath -lm  -L/usr/lib -lgsl -lgslcblas -lm >&5
configure:6842: $? = 0
configure:6842: ./conftest
configure:6842: $? = 0
configure:6856: result: yes
configure:6918: checking for cblas_dgemm in -lgslcblas
configure:6943: gcc -o conftest -g -O2 -Wall -Wshadow -Wunused-variable -Wunused-parameter -Wno-long-long -fno-diagnostics-color -I/usr/include/postgresql  -I/usr/include/postgresql  -Wl,--export-dynamic -L/usr/lib conftest.c -lgslcblas  -lRmath -lpthread -lmpfr -lgmp -lquadmath -lm  >&5
configure:6943: $? = 0
configure:6952: result: yes
configure:6965: checking for gsl_blas_ddot in -lgsl
configure:6990: gcc -o conftest -g -O2 -Wall -Wshadow -Wunused-variable -Wunused-parameter -Wno-long-long -fno-diagnostics-color -I/usr/include/postgresql  -I/usr/include/postgresql  -Wl,--export-dynamic -L/usr/lib conftest.c -lgsl  -lgslcblas -lRmath -lpthread -lmpfr -lgmp -lquadmath -lm  >&5
configure:6990: $? = 0
configure:6999: result: yes
configure:7015: checking gsl/gsl_blas.h usability
configure:7015: gcc -c -g -O2 -Wall -Wshadow -Wunused-variable -Wunused-parameter -Wno-long-long -fno-diagnostics-color -I/usr/include/postgresql  -I/usr/include/postgresql conftest.c >&5
configure:7015: $? = 0
configure:7015: result: yes
configure:7015: checking gsl/gsl_blas.h presence
configure:7015: gcc -E  -I/usr/include/postgresql conftest.c
configure:7015: $? = 0
configure:7015: result: yes
configure:7015: checking for gsl/gsl_blas.h
configure:7015: result: yes
configure:7015: checking gsl/gsl_complex.h usability
configure:7015: gcc -c -g -O2 -Wall -Wshadow -Wunused-variable -Wunused-parameter -Wno-long-long -fno-diagnostics-color -I/usr/include/postgresql  -I/usr/include/postgresql conftest.c >&5
configure:7015: $? = 0
configure:7015: result: yes
configure:7015: checking gsl/gsl_complex.h presence
configure:7015: gcc -E  -I/usr/include/postgresql conftest.c
configure:7015: $? = 0
configure:7015: result: yes
configure:7015: checking for gsl/gsl_complex.h
configure:7015: result: yes
configure:7015: checking gsl/gsl_complex_math.h usability
configure:7015: gcc -c -g -O2 -Wall -Wshadow -Wunused-variable -Wunused-parameter -Wno-long-long -fno-diagnostics-color -I/usr/include/postgresql  -I/usr/include/postgresql conftest.c >&5
configure:7015: $? = 0
configure:7015: result: yes
configure:7015: checking gsl/gsl_complex_math.h presence
configure:7015: gcc -E  -I/usr/include/postgresql conftest.c
configure:7015: $? = 0
configure:7015: result: yes
configure:7015: checking for gsl/gsl_complex_math.h
configure:7015: result: yes
configure:7015: checking gsl/gsl_errno.h usability
configure:7015: gcc -c -g -O2 -Wall -Wshadow -Wunused-variable -Wunused-parameter -Wno-long-long -fno-diagnostics-color -I/usr/include/postgresql  -I/usr/include/postgresql conftest.c >&5
configure:7015: $? = 0
configure:7015: result: yes
configure:7015: checking gsl/gsl_errno.h presence
configure:7015: gcc -E  -I/usr/include/postgresql conftest.c
configure:7015: $? = 0
configure:7015: result: yes
configure:7015: checking for gsl/gsl_errno.h
configure:7015: result: yes
configure:7015: checking gsl/gsl_fft_complex.h usability
configure:7015: gcc -c -g -O2 -Wall -Wshadow -Wunused-variable -Wunused-parameter -Wno-long-long -fno-diagnostics-color -I/usr/include/postgresql  -I/usr/include/postgresql conftest.c >&5
configure:7015: $? = 0
configure:7015: result: yes
configure:7015: checking gsl/gsl_fft_complex.h presence
configure:7015: gcc -E  -I/usr/include/postgresql conftest.c
configure:7015: $? = 0
configure:7015: result: yes
configure:7015: checking for gsl/gsl_fft_complex.h
configure:7015: result: yes
configure:7015: checking gsl/gsl_integration.h usability
configure:7015: gcc -c -g -O2 -Wall -Wshadow -Wunused-variable -Wunused-parameter -Wno-long-long -fno-diagnostics-color -I/usr/include/postgresql  -I/usr/include/postgresql conftest.c >&5
configure:7015: $? = 0
configure:7015: result: yes
configure:7015: checking gsl/gsl_integration.h presence
configure:7015: gcc -E  -I/usr/include/postgresql conftest.c
configure:7015: $? = 0
configure:7015: result: yes
configure:7015: checking for gsl/gsl_integration.h
configure:7015: result: yes
configure:7015: checking gsl/gsl_linalg.h usability
configure:7015: gcc -c -g -O2 -Wall -Wshadow -Wunused-variable -Wunused-parameter -Wno-long-long -fno-diagnostics-color -I/usr/include/postgresql  -I/usr/include/postgresql conftest.c >&5
configure:7015: $? = 0
configure:7015: result: yes
configure:7015: checking gsl/gsl_linalg.h presence
configure:7015: gcc -E  -I/usr/include/postgresql conftest.c
configure:7015: $? = 0
configure:7015: result: yes
configure:7015: checking for gsl/gsl_linalg.h
configure:7015: result: yes
configure:7015: checking gsl/gsl_math.h usability
configure:7015: gcc -c -g -O2 -Wall -Wshadow -Wunused-variable -Wunused-parameter -Wno-long-long -fno-diagnostics-color -I/usr/include/postgresql  -I/usr/include/postgresql conftest.c >&5
configure:7015: $? = 0
configure:7015: result: yes
configure:7015: checking gsl/gsl_math.h presence
configure:7015: gcc -E  -I/usr/include/postgresql conftest.c
configure:7015: $? = 0
configure:7015: result: yes
configure:7015: checking for gsl/gsl_math.h
configure:7015: result: yes
configure:7015: checking gsl/gsl_matrix.h usability
configure:7015: gcc -c -g -O2 -Wall -Wshadow -Wunused-variable -Wunused-parameter -Wno-long-long -fno-diagnostics-color -I/usr/include/postgresql  -I/usr/include/postgresql conftest.c >&5
configure:7015: $? = 0
configure:7015: result: yes
configure:7015: checking gsl/gsl_matrix.h presence
configure:7015: gcc -E  -I/usr/include/postgresql conftest.c
configure:7015: $? = 0
configure:7015: result: yes
configure:7015: checking for gsl/gsl_matrix.h
configure:7015: result: yes
configure:7015: checking gsl/gsl_permutation.h usability
configure:7015: gcc -c -g -O2 -Wall -Wshadow -Wunused-variable -Wunused-parameter -Wno-long-long -fno-diagnostics-color -I/usr/include/postgresql  -I/usr/include/postgresql conftest.c >&5
configure:7015: $? = 0
configure:7015: result: yes
configure:7015: checking gsl/gsl_permutation.h presence
configure:7015: gcc -E  -I/usr/include/postgresql conftest.c
configure:7015: $? = 0
configure:7015: result: yes
configure:7015: checking for gsl/gsl_permutation.h
configure:7015: result: yes
configure:7015: checking gsl/gsl_sf.h usability
configure:7015: gcc -c -g -O2 -Wall -Wshadow -Wunused-variable -Wunused-parameter -Wno-long-long -fno-diagnostics-color -I/usr/include/postgresql  -I/usr/include/postgresql conftest.c >&5
configure:7015: $? = 0
configure:7015: result: yes
configure:7015: checking gsl/gsl_sf.h presence
configure:7015: gcc -E  -I/usr/include/postgresql conftest.c
configure:7015: $? = 0
configure:7015: result: yes
configure:7015: checking for gsl/gsl_sf.h
configure:7015: result: yes
configure:7015: checking gsl/gsl_vector.h usability
configure:7015: gcc -c -g -O2 -Wall -Wshadow -Wunused-variable -Wunused-parameter -Wno-long-long -fno-diagnostics-color -I/usr/include/postgresql  -I/usr/include/postgresql conftest.c >&5
configure:7015: $? = 0
configure:7015: result: yes
configure:7015: checking gsl/gsl_vector.h presence
configure:7015: gcc -E  -I/usr/include/postgresql conftest.c
configure:7015: $? = 0
configure:7015: result: yes
configure:7015: checking for gsl/gsl_vector.h
configure:7015: result: yes
configure:7015: checking gsl/gsl_version.h usability
configure:7015: gcc -c -g -O2 -Wall -Wshadow -Wunused-variable -Wunused-parameter -Wno-long-long -fno-diagnostics-color -I/usr/include/postgresql  -I/usr/include/postgresql conftest.c >&5
configure:7015: $? = 0
configure:7015: result: yes
configure:7015: checking gsl/gsl_version.h presence
configure:7015: gcc -E  -I/usr/include/postgresql conftest.c
configure:7015: $? = 0
configure:7015: result: yes
configure:7015: checking for gsl/gsl_version.h
configure:7015: result: yes
configure:7036: GNU plotutils...
configure:7040: checking plot.h usability
configure:7040: gcc -c -g -O2 -Wall -Wshadow -Wunused-variable -Wunused-parameter -Wno-long-long -fno-diagnostics-color -I/usr/include/postgresql  -I/usr/include/postgresql conftest.c >&5
conftest.c:143:10: fatal error: plot.h: No such file or directory
  143 | #include <plot.h>
      |          ^~~~~~~~
compilation terminated.
configure:7040: $? = 1
configure: failed program was:
| /* confdefs.h */
| #define PACKAGE_NAME "algol68g"
| #define PACKAGE_TARNAME "algol68g"
| #define PACKAGE_VERSION "3.0.7"
| #define PACKAGE_STRING "algol68g 3.0.7"
| #define PACKAGE_BUGREPORT "Marcel van der Veer <algol68g@xs4all.nl>"
| #define PACKAGE_URL ""
| #define BUILD_LINUX 1
| #define HAVE_IEEE_754 1
| #define PACKAGE "algol68g"
| #define VERSION "3.0.7"
| #define HAVE_GCC 1
| #define C_COMPILER "gcc"
| #define INCLUDE_DIR ""
| #define HAVE_EXPORT_DYNAMIC 1
| #define HAVE_PIC "-fPIC"
| #define STDC_HEADERS 1
| #define HAVE_SYS_TYPES_H 1
| #define HAVE_SYS_STAT_H 1
| #define HAVE_STDLIB_H 1
| #define HAVE_STRING_H 1
| #define HAVE_MEMORY_H 1
| #define HAVE_STRINGS_H 1
| #define HAVE_INTTYPES_H 1
| #define HAVE_STDINT_H 1
| #define HAVE_UNISTD_H 1
| #define a68_pid_t pid_t
| #define HAVE_USR_INCLUDE_POSTGRESQL 1
| #define HAVE_MATH_H 1
| #define HAVE_LIBM 1
| #define STDC_HEADERS 1
| #define HAVE_DIRENT_H 1
| #define HAVE_SYS_WAIT_H 1
| #define GWINSZ_IN_SYS_IOCTL 1
| #define HAVE_ASSERT_H 1
| #define HAVE_COMPLEX_H 1
| #define HAVE_CTYPE_H 1
| #define HAVE_ERRNO_H 1
| #define HAVE_FCNTL_H 1
| #define HAVE_FENV_H 1
| #define HAVE_FLOAT_H 1
| #define HAVE_LIMITS_H 1
| #define HAVE_NETDB_H 1
| #define HAVE_NETINET_IN_H 1
| #define HAVE_REGEX_H 1
| #define HAVE_SETJMP_H 1
| #define HAVE_SIGNAL_H 1
| #define HAVE_STDARG_H 1
| #define HAVE_STDDEF_H 1
| #define HAVE_STDIO_H 1
| #define HAVE_STDLIB_H 1
| #define HAVE_SYS_IOCTL_H 1
| #define HAVE_SYS_RESOURCE_H 1
| #define HAVE_SYS_SOCKET_H 1
| #define HAVE_SYS_TIME_H 1
| #define HAVE_TERMIOS_H 1
| #define HAVE_TIME_H 1
| #define HAVE_MALLOC 1
| #define HAVE_ALIGNED_ALLOC 1
| #define HAVE_FREE 1
| #define HAVE_SETJMP 1
| #define HAVE_LONGJMP 1
| #define HAVE_MEMCPY 1
| #define HAVE_MEMMOVE 1
| #define HAVE_MEMSET 1
| #define HAVE_STRCMP 1
| #define HAVE_STRNCMP 1
| #define HAVE_STRNCPY 1
| #define HAVE_PRINTF 1
| #define HAVE_FPRINTF 1
| #define HAVE_SNPRINTF 1
| #define HAVE_SIGNAL 1
| #define HAVE_EXIT 1
| #define HAVE_SQRT 1
| #define HAVE_CSQRT 1
| #define HAVE_FINITE 1
| #define HAVE_ISNAN 1
| #define HAVE_ISINF 1
| #define HAVE_LONG_TYPES 1
| #define HAVE_QUADMATH_H 1
| #define HAVE_LIBQUADMATH 1
| #define HAVE_QUADMATH 1
| #define HAVE_LIBGMP 1
| #define HAVE_MPFR_H 1
| #define HAVE_LIBMPFR 1
| #define HAVE_GNU_MPFR 1
| #define HAVE_PTHREAD_H 1
| #define HAVE_LIBPTHREAD 1
| #define BUILD_PARALLEL_CLAUSE 1
| #define HAVE_RMATH_H 1
| #define HAVE_LIBRMATH 1
| #define HAVE_MATHLIB 1
| #define HAVE_LIBGSLCBLAS 1
| #define HAVE_LIBGSL 1
| #define HAVE_GSL_GSL_BLAS_H 1
| #define HAVE_GSL_GSL_COMPLEX_H 1
| #define HAVE_GSL_GSL_COMPLEX_MATH_H 1
| #define HAVE_GSL_GSL_ERRNO_H 1
| #define HAVE_GSL_GSL_FFT_COMPLEX_H 1
| #define HAVE_GSL_GSL_INTEGRATION_H 1
| #define HAVE_GSL_GSL_LINALG_H 1
| #define HAVE_GSL_GSL_MATH_H 1
| #define HAVE_GSL_GSL_MATRIX_H 1
| #define HAVE_GSL_GSL_PERMUTATION_H 1
| #define HAVE_GSL_GSL_SF_H 1
| #define HAVE_GSL_GSL_VECTOR_H 1
| #define HAVE_GSL_GSL_VERSION_H 1
| #define HAVE_GSL 1
| /* end confdefs.h.  */
| #include <stdio.h>
| #ifdef HAVE_SYS_TYPES_H
| # include <sys/types.h>
| #endif
| #ifdef HAVE_SYS_STAT_H
| # include <sys/stat.h>
| #endif
| #ifdef STDC_HEADERS
| # include <stdlib.h>
| # include <stddef.h>
| #else
| # ifdef HAVE_STDLIB_H
| #  include <stdlib.h>
| # endif
| #endif
| #ifdef HAVE_STRING_H
| # if !defined STDC_HEADERS && defined HAVE_MEMORY_H
| #  include <memory.h>
| # endif
| # include <string.h>
| #endif
| #ifdef HAVE_STRINGS_H
| # include <strings.h>
| #endif
| #ifdef HAVE_INTTYPES_H
| # include <inttypes.h>
| #endif
| #ifdef HAVE_STDINT_H
| # include <stdint.h>
| #endif
| #ifdef HAVE_UNISTD_H
| # include <unistd.h>
| #endif
| #include <plot.h>
configure:7040: result: no
configure:7040: checking plot.h presence
configure:7040: gcc -E  -I/usr/include/postgresql conftest.c
conftest.c:110:10: fatal error: plot.h: No such file or directory
  110 | #include <plot.h>
      |          ^~~~~~~~
compilation terminated.
configure:7040: $? = 1
configure: failed program was:
| /* confdefs.h */
| #define PACKAGE_NAME "algol68g"
| #define PACKAGE_TARNAME "algol68g"
| #define PACKAGE_VERSION "3.0.7"
| #define PACKAGE_STRING "algol68g 3.0.7"
| #define PACKAGE_BUGREPORT "Marcel van der Veer <algol68g@xs4all.nl>"
| #define PACKAGE_URL ""
| #define BUILD_LINUX 1
| #define HAVE_IEEE_754 1
| #define PACKAGE "algol68g"
| #define VERSION "3.0.7"
| #define HAVE_GCC 1
| #define C_COMPILER "gcc"
| #define INCLUDE_DIR ""
| #define HAVE_EXPORT_DYNAMIC 1
| #define HAVE_PIC "-fPIC"
| #define STDC_HEADERS 1
| #define HAVE_SYS_TYPES_H 1
| #define HAVE_SYS_STAT_H 1
| #define HAVE_STDLIB_H 1
| #define HAVE_STRING_H 1
| #define HAVE_MEMORY_H 1
| #define HAVE_STRINGS_H 1
| #define HAVE_INTTYPES_H 1
| #define HAVE_STDINT_H 1
| #define HAVE_UNISTD_H 1
| #define a68_pid_t pid_t
| #define HAVE_USR_INCLUDE_POSTGRESQL 1
| #define HAVE_MATH_H 1
| #define HAVE_LIBM 1
| #define STDC_HEADERS 1
| #define HAVE_DIRENT_H 1
| #define HAVE_SYS_WAIT_H 1
| #define GWINSZ_IN_SYS_IOCTL 1
| #define HAVE_ASSERT_H 1
| #define HAVE_COMPLEX_H 1
| #define HAVE_CTYPE_H 1
| #define HAVE_ERRNO_H 1
| #define HAVE_FCNTL_H 1
| #define HAVE_FENV_H 1
| #define HAVE_FLOAT_H 1
| #define HAVE_LIMITS_H 1
| #define HAVE_NETDB_H 1
| #define HAVE_NETINET_IN_H 1
| #define HAVE_REGEX_H 1
| #define HAVE_SETJMP_H 1
| #define HAVE_SIGNAL_H 1
| #define HAVE_STDARG_H 1
| #define HAVE_STDDEF_H 1
| #define HAVE_STDIO_H 1
| #define HAVE_STDLIB_H 1
| #define HAVE_SYS_IOCTL_H 1
| #define HAVE_SYS_RESOURCE_H 1
| #define HAVE_SYS_SOCKET_H 1
| #define HAVE_SYS_TIME_H 1
| #define HAVE_TERMIOS_H 1
| #define HAVE_TIME_H 1
| #define HAVE_MALLOC 1
| #define HAVE_ALIGNED_ALLOC 1
| #define HAVE_FREE 1
| #define HAVE_SETJMP 1
| #define HAVE_LONGJMP 1
| #define HAVE_MEMCPY 1
| #define HAVE_MEMMOVE 1
| #define HAVE_MEMSET 1
| #define HAVE_STRCMP 1
| #define HAVE_STRNCMP 1
| #define HAVE_STRNCPY 1
| #define HAVE_PRINTF 1
| #define HAVE_FPRINTF 1
| #define HAVE_SNPRINTF 1
| #define HAVE_SIGNAL 1
| #define HAVE_EXIT 1
| #define HAVE_SQRT 1
| #define HAVE_CSQRT 1
| #define HAVE_FINITE 1
| #define HAVE_ISNAN 1
| #define HAVE_ISINF 1
| #define HAVE_LONG_TYPES 1
| #define HAVE_QUADMATH_H 1
| #define HAVE_LIBQUADMATH 1
| #define HAVE_QUADMATH 1
| #define HAVE_LIBGMP 1
| #define HAVE_MPFR_H 1
| #define HAVE_LIBMPFR 1
| #define HAVE_GNU_MPFR 1
| #define HAVE_PTHREAD_H 1
| #define HAVE_LIBPTHREAD 1
| #define BUILD_PARALLEL_CLAUSE 1
| #define HAVE_RMATH_H 1
| #define HAVE_LIBRMATH 1
| #define HAVE_MATHLIB 1
| #define HAVE_LIBGSLCBLAS 1
| #define HAVE_LIBGSL 1
| #define HAVE_GSL_GSL_BLAS_H 1
| #define HAVE_GSL_GSL_COMPLEX_H 1
| #define HAVE_GSL_GSL_COMPLEX_MATH_H 1
| #define HAVE_GSL_GSL_ERRNO_H 1
| #define HAVE_GSL_GSL_FFT_COMPLEX_H 1
| #define HAVE_GSL_GSL_INTEGRATION_H 1
| #define HAVE_GSL_GSL_LINALG_H 1
| #define HAVE_GSL_GSL_MATH_H 1
| #define HAVE_GSL_GSL_MATRIX_H 1
| #define HAVE_GSL_GSL_PERMUTATION_H 1
| #define HAVE_GSL_GSL_SF_H 1
| #define HAVE_GSL_GSL_VECTOR_H 1
| #define HAVE_GSL_GSL_VERSION_H 1
| #define HAVE_GSL 1
| /* end confdefs.h.  */
| #include <plot.h>
configure:7040: result: no
configure:7040: checking for plot.h
configure:7040: result: no
configure:7052: checking for pl_alabel_r in -lplot
configure:7077: gcc -o conftest -g -O2 -Wall -Wshadow -Wunused-variable -Wunused-parameter -Wno-long-long -fno-diagnostics-color -I/usr/include/postgresql  -I/usr/include/postgresql  -Wl,--export-dynamic -L/usr/lib conftest.c -lplot  -lgsl -lgslcblas -lRmath -lpthread -lmpfr -lgmp -lquadmath -lm  >&5
/usr/bin/ld: cannot find -lplot: No such file or directory
collect2: error: ld returned 1 exit status
configure:7077: $? = 1
configure: failed program was:
| /* confdefs.h */
| #define PACKAGE_NAME "algol68g"
| #define PACKAGE_TARNAME "algol68g"
| #define PACKAGE_VERSION "3.0.7"
| #define PACKAGE_STRING "algol68g 3.0.7"
| #define PACKAGE_BUGREPORT "Marcel van der Veer <algol68g@xs4all.nl>"
| #define PACKAGE_URL ""
| #define BUILD_LINUX 1
| #define HAVE_IEEE_754 1
| #define PACKAGE "algol68g"
| #define VERSION "3.0.7"
| #define HAVE_GCC 1
| #define C_COMPILER "gcc"
| #define INCLUDE_DIR ""
| #define HAVE_EXPORT_DYNAMIC 1
| #define HAVE_PIC "-fPIC"
| #define STDC_HEADERS 1
| #define HAVE_SYS_TYPES_H 1
| #define HAVE_SYS_STAT_H 1
| #define HAVE_STDLIB_H 1
| #define HAVE_STRING_H 1
| #define HAVE_MEMORY_H 1
| #define HAVE_STRINGS_H 1
| #define HAVE_INTTYPES_H 1
| #define HAVE_STDINT_H 1
| #define HAVE_UNISTD_H 1
| #define a68_pid_t pid_t
| #define HAVE_USR_INCLUDE_POSTGRESQL 1
| #define HAVE_MATH_H 1
| #define HAVE_LIBM 1
| #define STDC_HEADERS 1
| #define HAVE_DIRENT_H 1
| #define HAVE_SYS_WAIT_H 1
| #define GWINSZ_IN_SYS_IOCTL 1
| #define HAVE_ASSERT_H 1
| #define HAVE_COMPLEX_H 1
| #define HAVE_CTYPE_H 1
| #define HAVE_ERRNO_H 1
| #define HAVE_FCNTL_H 1
| #define HAVE_FENV_H 1
| #define HAVE_FLOAT_H 1
| #define HAVE_LIMITS_H 1
| #define HAVE_NETDB_H 1
| #define HAVE_NETINET_IN_H 1
| #define HAVE_REGEX_H 1
| #define HAVE_SETJMP_H 1
| #define HAVE_SIGNAL_H 1
| #define HAVE_STDARG_H 1
| #define HAVE_STDDEF_H 1
| #define HAVE_STDIO_H 1
| #define HAVE_STDLIB_H 1
| #define HAVE_SYS_IOCTL_H 1
| #define HAVE_SYS_RESOURCE_H 1
| #define HAVE_SYS_SOCKET_H 1
| #define HAVE_SYS_TIME_H 1
| #define HAVE_TERMIOS_H 1
| #define HAVE_TIME_H 1
| #define HAVE_MALLOC 1
| #define HAVE_ALIGNED_ALLOC 1
| #define HAVE_FREE 1
| #define HAVE_SETJMP 1
| #define HAVE_LONGJMP 1
| #define HAVE_MEMCPY 1
| #define HAVE_MEMMOVE 1
| #define HAVE_MEMSET 1
| #define HAVE_STRCMP 1
| #define HAVE_STRNCMP 1
| #define HAVE_STRNCPY 1
| #define HAVE_PRINTF 1
| #define HAVE_FPRINTF 1
| #define HAVE_SNPRINTF 1
| #define HAVE_SIGNAL 1
| #define HAVE_EXIT 1
| #define HAVE_SQRT 1
| #define HAVE_CSQRT 1
| #define HAVE_FINITE 1
| #define HAVE_ISNAN 1
| #define HAVE_ISINF 1
| #define HAVE_LONG_TYPES 1
| #define HAVE_QUADMATH_H 1
| #define HAVE_LIBQUADMATH 1
| #define HAVE_QUADMATH 1
| #define HAVE_LIBGMP 1
| #define HAVE_MPFR_H 1
| #define HAVE_LIBMPFR 1
| #define HAVE_GNU_MPFR 1
| #define HAVE_PTHREAD_H 1
| #define HAVE_LIBPTHREAD 1
| #define BUILD_PARALLEL_CLAUSE 1
| #define HAVE_RMATH_H 1
| #define HAVE_LIBRMATH 1
| #define HAVE_MATHLIB 1
| #define HAVE_LIBGSLCBLAS 1
| #define HAVE_LIBGSL 1
| #define HAVE_GSL_GSL_BLAS_H 1
| #define HAVE_GSL_GSL_COMPLEX_H 1
| #define HAVE_GSL_GSL_COMPLEX_MATH_H 1
| #define HAVE_GSL_GSL_ERRNO_H 1
| #define HAVE_GSL_GSL_FFT_COMPLEX_H 1
| #define HAVE_GSL_GSL_INTEGRATION_H 1
| #define HAVE_GSL_GSL_LINALG_H 1
| #define HAVE_GSL_GSL_MATH_H 1
| #define HAVE_GSL_GSL_MATRIX_H 1
| #define HAVE_GSL_GSL_PERMUTATION_H 1
| #define HAVE_GSL_GSL_SF_H 1
| #define HAVE_GSL_GSL_VECTOR_H 1
| #define HAVE_GSL_GSL_VERSION_H 1
| #define HAVE_GSL 1
| /* end confdefs.h.  */
| 
| /* Override any GCC internal prototype to avoid an error.
|    Use char because int might match the return type of a GCC
|    builtin and then its argument prototype would still apply.  */
| #ifdef __cplusplus
| extern "C"
| #endif
| char pl_alabel_r ();
| int
| main ()
| {
| return pl_alabel_r ();
|   ;
|   return 0;
| }
configure:7086: result: no
configure:7107: curses...
configure:7111: checking curses.h usability
configure:7111: gcc -c -g -O2 -Wall -Wshadow -Wunused-variable -Wunused-parameter -Wno-long-long -fno-diagnostics-color -I/usr/include/postgresql  -I/usr/include/postgresql conftest.c >&5
configure:7111: $? = 0
configure:7111: result: yes
configure:7111: checking curses.h presence
configure:7111: gcc -E  -I/usr/include/postgresql conftest.c
configure:7111: $? = 0
configure:7111: result: yes
configure:7111: checking for curses.h
configure:7111: result: yes
configure:7138: checking for stdscr in -ltinfo
configure:7163: gcc -o conftest -g -O2 -Wall -Wshadow -Wunused-variable -Wunused-parameter -Wno-long-long -fno-diagnostics-color -I/usr/include/postgresql  -I/usr/include/postgresql  -Wl,--export-dynamic -L/usr/lib conftest.c -ltinfo  -lgsl -lgslcblas -lRmath -lpthread -lmpfr -lgmp -lquadmath -lm  >&5
configure:7163: $? = 0
configure:7172: result: yes
configure:7185: checking for stdscr in -ltic
configure:7210: gcc -o conftest -g -O2 -Wall -Wshadow -Wunused-variable -Wunused-parameter -Wno-long-long -fno-diagnostics-color -I/usr/include/postgresql  -I/usr/include/postgresql  -Wl,--export-dynamic -L/usr/lib conftest.c -ltic  -ltinfo -lgsl -lgslcblas -lRmath -lpthread -lmpfr -lgmp -lquadmath -lm  >&5
configure:7210: $? = 0
configure:7219: result: yes
configure:7232: checking for initscr in -lncurses
configure:7257: gcc -o conftest -g -O2 -Wall -Wshadow -Wunused-variable -Wunused-parameter -Wno-long-long -fno-diagnostics-color -I/usr/include/postgresql  -I/usr/include/postgresql  -Wl,--export-dynamic -L/usr/lib conftest.c -lncurses  -ltic -ltinfo -lgsl -lgslcblas -lRmath -lpthread -lmpfr -lgmp -lquadmath -lm  >&5
configure:7257: $? = 0
configure:7266: result: yes
configure:7283: checking readline/readline.h usability
configure:7283: gcc -c -g -O2 -Wall -Wshadow -Wunused-variable -Wunused-parameter -Wno-long-long -fno-diagnostics-color -I/usr/include/postgresql  -I/usr/include/postgresql conftest.c >&5
configure:7283: $? = 0
configure:7283: result: yes
configure:7283: checking readline/readline.h presence
configure:7283: gcc -E  -I/usr/include/postgresql conftest.c
configure:7283: $? = 0
configure:7283: result: yes
configure:7283: checking for readline/readline.h
configure:7283: result: yes
configure:7297: checking readline/history.h usability
configure:7297: gcc -c -g -O2 -Wall -Wshadow -Wunused-variable -Wunused-parameter -Wno-long-long -fno-diagnostics-color -I/usr/include/postgresql  -I/usr/include/postgresql conftest.c >&5
configure:7297: $? = 0
configure:7297: result: yes
configure:7297: checking readline/history.h presence
configure:7297: gcc -E  -I/usr/include/postgresql conftest.c
configure:7297: $? = 0
configure:7297: result: yes
configure:7297: checking for readline/history.h
configure:7297: result: yes
configure:7310: checking for readline in -lreadline
configure:7335: gcc -o conftest -g -O2 -Wall -Wshadow -Wunused-variable -Wunused-parameter -Wno-long-long -fno-diagnostics-color -I/usr/include/postgresql  -I/usr/include/postgresql  -Wl,--export-dynamic -L/usr/lib conftest.c -lreadline -lcurses -lncurses -ltic -ltinfo -lgsl -lgslcblas -lRmath -lpthread -lmpfr -lgmp -lquadmath -lm  >&5
configure:7335: $? = 0
configure:7344: result: yes
configure:7416: PostgreSQL...
configure:7420: checking libpq-fe.h usability
configure:7420: gcc -c -g -O2 -Wall -Wshadow -Wunused-variable -Wunused-parameter -Wno-long-long -fno-diagnostics-color -I/usr/include/postgresql  -I/usr/include/postgresql conftest.c >&5
configure:7420: $? = 0
configure:7420: result: yes
configure:7420: checking libpq-fe.h presence
configure:7420: gcc -E  -I/usr/include/postgresql conftest.c
configure:7420: $? = 0
configure:7420: result: yes
configure:7420: checking for libpq-fe.h
configure:7420: result: yes
configure:7432: checking for PQbackendPID in -lpq
configure:7457: gcc -o conftest -g -O2 -Wall -Wshadow -Wunused-variable -Wunused-parameter -Wno-long-long -fno-diagnostics-color -I/usr/include/postgresql  -I/usr/include/postgresql  -Wl,--export-dynamic -L/usr/lib conftest.c -lpq  -lreadline -lncurses -ltic -ltinfo -lgsl -lgslcblas -lRmath -lpthread -lmpfr -lgmp -lquadmath -lm  >&5
configure:7457: $? = 0
configure:7466: result: yes
configure:7488: Dynamic loader via libdl...
configure:7492: checking dlfcn.h usability
configure:7492: gcc -c -g -O2 -Wall -Wshadow -Wunused-variable -Wunused-parameter -Wno-long-long -fno-diagnostics-color -I/usr/include/postgresql  -I/usr/include/postgresql conftest.c >&5
configure:7492: $? = 0
configure:7492: result: yes
configure:7492: checking dlfcn.h presence
configure:7492: gcc -E  -I/usr/include/postgresql conftest.c
configure:7492: $? = 0
configure:7492: result: yes
configure:7492: checking for dlfcn.h
configure:7492: result: yes
configure:7502: checking for library containing dlopen
configure:7533: gcc -o conftest -g -O2 -Wall -Wshadow -Wunused-variable -Wunused-parameter -Wno-long-long -fno-diagnostics-color -I/usr/include/postgresql  -I/usr/include/postgresql  -Wl,--export-dynamic -L/usr/lib conftest.c -lpq -lreadline -lncurses -ltic -ltinfo -lgsl -lgslcblas -lRmath -lpthread -lmpfr -lgmp -lquadmath -lm  >&5
configure:7533: $? = 0
configure:7550: result: none required
configure:7747: checking that generated files are newer than configure
configure:7753: result: done
configure:7780: creating ./config.status

## ---------------------- ##
## Running config.status. ##
## ---------------------- ##

This file was extended by algol68g config.status 3.0.7, which was
generated by GNU Autoconf 2.69.  Invocation command line was

  CONFIG_FILES    = 
  CONFIG_HEADERS  = 
  CONFIG_LINKS    = 
  CONFIG_COMMANDS = 
  $ ./config.status 

on main

config.status:974: creating Makefile
config.status:974: creating a68g-config.h
config.status:1203: executing depfiles commands
config.status:1280: cd .       && sed -e '/# am--include-marker/d' Makefile         | make -f - am--depfiles
config.status:1285: $? = 0
configure:9099: 
configure:9101: algol68g-3.0.7 by Marcel van der Veer <algol68g@xs4all.nl>
configure:9107: 
configure:9111: building with hardware support for long modes
configure:9113: building with quadmath
configure:9118: building with parallel clause
configure:9122: building with GNU MPFR
configure:9132: building with R mathlib
configure:9136: building with GNU Scientific Library
configure:9140: building with curses
configure:9148: building with PostgreSQL
configure:9152: building compiler-interpreter
configure:9158: 
configure:9166: now type 'make' optionally followed by 'make check' or 'make install'

## ---------------- ##
## Cache variables. ##
## ---------------- ##

ac_cv_build=x86_64-pc-linux-gnu
ac_cv_c_char_unsigned=no
ac_cv_c_compiler_gnu=yes
ac_cv_c_inline=inline
ac_cv_c_uint16_t=yes
ac_cv_env_CC_set=
ac_cv_env_CC_value=
ac_cv_env_CFLAGS_set=
ac_cv_env_CFLAGS_value=
ac_cv_env_CPPFLAGS_set=
ac_cv_env_CPPFLAGS_value=
ac_cv_env_CPP_set=
ac_cv_env_CPP_value=
ac_cv_env_LDFLAGS_set=
ac_cv_env_LDFLAGS_value=
ac_cv_env_LIBS_set=
ac_cv_env_LIBS_value=
ac_cv_env_build_alias_set=
ac_cv_env_build_alias_value=
ac_cv_env_host_alias_set=
ac_cv_env_host_alias_value=
ac_cv_env_target_alias_set=
ac_cv_env_target_alias_value=
ac_cv_func_aligned_alloc=yes
ac_cv_func_csqrt=yes
ac_cv_func_exit=yes
ac_cv_func_finite=yes
ac_cv_func_fprintf=yes
ac_cv_func_free=yes
ac_cv_func_isfinite=no
ac_cv_func_isinf=yes
ac_cv_func_isnan=yes
ac_cv_func_longjmp=yes
ac_cv_func_malloc=yes
ac_cv_func_memcpy=yes
ac_cv_func_memmove=yes
ac_cv_func_memset=yes
ac_cv_func_printf=yes
ac_cv_func_setjmp=yes
ac_cv_func_signal=yes
ac_cv_func_snprintf=yes
ac_cv_func_sqrt=yes
ac_cv_func_strcmp=yes
ac_cv_func_strncmp=yes
ac_cv_func_strncpy=yes
ac_cv_header_Rmath_h=yes
ac_cv_header_assert_h=yes
ac_cv_header_complex_h=yes
ac_cv_header_ctype_h=yes
ac_cv_header_curses_h=yes
ac_cv_header_dirent_dirent_h=yes
ac_cv_header_dlfcn_h=yes
ac_cv_header_errno_h=yes
ac_cv_header_fcntl_h=yes
ac_cv_header_fenv_h=yes
ac_cv_header_float_h=yes
ac_cv_header_gsl_gsl_blas_h=yes
ac_cv_header_gsl_gsl_complex_h=yes
ac_cv_header_gsl_gsl_complex_math_h=yes
ac_cv_header_gsl_gsl_errno_h=yes
ac_cv_header_gsl_gsl_fft_complex_h=yes
ac_cv_header_gsl_gsl_integration_h=yes
ac_cv_header_gsl_gsl_linalg_h=yes
ac_cv_header_gsl_gsl_math_h=yes
ac_cv_header_gsl_gsl_matrix_h=yes
ac_cv_header_gsl_gsl_permutation_h=yes
ac_cv_header_gsl_gsl_sf_h=yes
ac_cv_header_gsl_gsl_vector_h=yes
ac_cv_header_gsl_gsl_version_h=yes
ac_cv_header_inttypes_h=yes
ac_cv_header_libpq_fe_h=yes
ac_cv_header_limits_h=yes
ac_cv_header_math_h=yes
ac_cv_header_memory_h=yes
ac_cv_header_mpfr_h=yes
ac_cv_header_netdb_h=yes
ac_cv_header_netinet_in_h=yes
ac_cv_header_plot_h=no
ac_cv_header_pthread_h=yes
ac_cv_header_quadmath_h=yes
ac_cv_header_readline_history_h=yes
ac_cv_header_readline_readline_h=yes
ac_cv_header_regex_h=yes
ac_cv_header_setjmp_h=yes
ac_cv_header_signal_h=yes
ac_cv_header_stdarg_h=yes
ac_cv_header_stdc=yes
ac_cv_header_stddef_h=yes
ac_cv_header_stdint_h=yes
ac_cv_header_stdio_h=yes
ac_cv_header_stdlib_h=yes
ac_cv_header_string_h=yes
ac_cv_header_strings_h=yes
ac_cv_header_sys_ioctl_h=yes
ac_cv_header_sys_resource_h=yes
ac_cv_header_sys_socket_h=yes
ac_cv_header_sys_stat_h=yes
ac_cv_header_sys_time_h=yes
ac_cv_header_sys_types_h=yes
ac_cv_header_sys_wait_h=yes
ac_cv_header_termios_h=yes
ac_cv_header_time_h=yes
ac_cv_header_unistd_h=yes
ac_cv_host=x86_64-pc-linux-gnu
ac_cv_lib_Rmath_ptukey=yes
ac_cv_lib_gmp___gmpz_init=yes
ac_cv_lib_gsl_gsl_blas_ddot=yes
ac_cv_lib_gslcblas_cblas_dgemm=yes
ac_cv_lib_m_cos=yes
ac_cv_lib_mpfr_mpfr_gamma=yes
ac_cv_lib_mpfr_mpfr_gamma_inc=yes
ac_cv_lib_ncurses_initscr=yes
ac_cv_lib_plot_pl_alabel_r=no
ac_cv_lib_pq_PQbackendPID=yes
ac_cv_lib_pthread_pthread_attr_getstacksize=yes
ac_cv_lib_quadmath_lgammaq=yes
ac_cv_lib_readline_readline=yes
ac_cv_lib_tic_stdscr=yes
ac_cv_lib_tinfo_stdscr=yes
ac_cv_objext=o
ac_cv_path_EGREP='/usr/bin/grep -E'
ac_cv_path_GREP=/usr/bin/grep
ac_cv_path_GSL_CONFIG=/usr/bin/gsl-config
ac_cv_path_install='/usr/bin/install -c'
ac_cv_path_mkdir=/usr/bin/mkdir
ac_cv_prog_AWK=gawk
ac_cv_prog_CPP='gcc -E'
ac_cv_prog_ac_ct_CC=gcc
ac_cv_prog_cc_c89=
ac_cv_prog_cc_g=yes
ac_cv_prog_make_make_set=yes
ac_cv_search_dlopen='none required'
ac_cv_search_opendir='none required'
ac_cv_sys_tiocgwinsz_in_sys_ioctl_h=yes
ac_cv_sys_tiocgwinsz_in_termios_h=no
ac_cv_target=x86_64-pc-linux-gnu
ac_cv_type_mode_t=yes
ac_cv_type_size_t=yes
ac_cv_type_ssize_t=yes
am_cv_CC_dependencies_compiler_type=gcc3
am_cv_make_support_nested_variables=yes
am_cv_prog_cc_c_o=yes

## ----------------- ##
## Output variables. ##
## ----------------- ##

ACLOCAL='${SHELL} '\''/home/ae/libs/algol68g-3.0.7/missing'\'' aclocal-1.16'
AMDEPBACKSLASH='\'
AMDEP_FALSE='#'
AMDEP_TRUE=''
AMTAR='$${TAR-tar}'
AM_BACKSLASH='\'
AM_DEFAULT_V='$(AM_DEFAULT_VERBOSITY)'
AM_DEFAULT_VERBOSITY='1'
AM_V='$(V)'
AUTOCONF='${SHELL} '\''/home/ae/libs/algol68g-3.0.7/missing'\'' autoconf'
AUTOHEADER='${SHELL} '\''/home/ae/libs/algol68g-3.0.7/missing'\'' autoheader'
AUTOMAKE='${SHELL} '\''/home/ae/libs/algol68g-3.0.7/missing'\'' automake-1.16'
AWK='gawk'
CC='gcc'
CCDEPMODE='depmode=gcc3'
CFLAGS='-g -O2 -Wall -Wshadow -Wunused-variable -Wunused-parameter -Wno-long-long -fno-diagnostics-color -I/usr/include/postgresql'
CPP='gcc -E'
CPPFLAGS=' -I/usr/include/postgresql'
CYGPATH_W='echo'
DEFS='-DHAVE_CONFIG_H'
DEPDIR='.deps'
ECHO_C=''
ECHO_N='-n'
ECHO_T=''
EGREP='/usr/bin/grep -E'
EXEEXT=''
EXPORT_DYNAMIC_FALSE=''
EXPORT_DYNAMIC_TRUE='#'
GREP='/usr/bin/grep'
GSL_CFLAGS='-I/usr/include'
GSL_CONFIG='/usr/bin/gsl-config'
GSL_LIBS='-L/usr/lib -lgsl -lgslcblas -lm'
INSTALL_DATA='${INSTALL} -m 644'
INSTALL_PROGRAM='${INSTALL}'
INSTALL_SCRIPT='${INSTALL}'
INSTALL_STRIP_PROGRAM='$(install_sh) -c -s'
LDFLAGS=' -Wl,--export-dynamic -L/usr/lib'
LIBOBJS=''
LIBS='-lpq -lreadline -lncurses -ltic -ltinfo -lgsl -lgslcblas -lRmath -lpthread -lmpfr -lgmp -lquadmath -lm '
LTLIBOBJS=''
MAKEINFO='${SHELL} '\''/home/ae/libs/algol68g-3.0.7/missing'\'' makeinfo'
MKDIR_P='/usr/bin/mkdir -p'
OBJEXT='o'
PACKAGE='algol68g'
PACKAGE_BUGREPORT='Marcel van der Veer <algol68g@xs4all.nl>'
PACKAGE_NAME='algol68g'
PACKAGE_STRING='algol68g 3.0.7'
PACKAGE_TARNAME='algol68g'
PACKAGE_URL=''
PACKAGE_VERSION='3.0.7'
PATH_SEPARATOR=':'
SET_MAKE=''
SHELL='/bin/sh'
STRIP=''
VERSION='3.0.7'
a68g_exists=''
ac_ct_CC='gcc'
am__EXEEXT_FALSE=''
am__EXEEXT_TRUE='#'
am__fastdepCC_FALSE='#'
am__fastdepCC_TRUE=''
am__include='include'
am__isrc=''
am__leading_dot='.'
am__nodep='_no'
am__quote=''
am__tar='$${TAR-tar} chof - "$$tardir"'
am__untar='$${TAR-tar} xf -'
bindir='${exec_prefix}/bin'
build='x86_64-pc-linux-gnu'
build_alias=''
build_cpu='x86_64'
build_os='linux-gnu'
build_vendor='pc'
datadir='${datarootdir}'
datarootdir='${prefix}/share'
docdir='${datarootdir}/doc/${PACKAGE_TARNAME}'
dvidir='${docdir}'
exec_prefix='${prefix}'
host='x86_64-pc-linux-gnu'
host_alias=''
host_cpu='x86_64'
host_os='linux-gnu'
host_vendor='pc'
htmldir='${docdir}'
includedir='${prefix}/include'
infodir='${datarootdir}/info'
install_sh='${SHELL} /home/ae/libs/algol68g-3.0.7/install-sh'
libdir='${exec_prefix}/lib'
libexecdir='${exec_prefix}/libexec'
localedir='${datarootdir}/locale'
localstatedir='${prefix}/var'
mandir='${datarootdir}/man'
mkdir_p='$(MKDIR_P)'
oldincludedir='/usr/include'
pdfdir='${docdir}'
prefix='/usr/local'
program_transform_name='s,x,x,'
psdir='${docdir}'
runstatedir='${localstatedir}/run'
sbindir='${exec_prefix}/sbin'
sharedstatedir='${prefix}/com'
sysconfdir='${prefix}/etc'
target='x86_64-pc-linux-gnu'
target_alias=''
target_cpu='x86_64'
target_os='linux-gnu'
target_vendor='pc'

## ----------- ##
## confdefs.h. ##
## ----------- ##

/* confdefs.h */
#define PACKAGE_NAME "algol68g"
#define PACKAGE_TARNAME "algol68g"
#define PACKAGE_VERSION "3.0.7"
#define PACKAGE_STRING "algol68g 3.0.7"
#define PACKAGE_BUGREPORT "Marcel van der Veer <algol68g@xs4all.nl>"
#define PACKAGE_URL ""
#define BUILD_LINUX 1
#define HAVE_IEEE_754 1
#define PACKAGE "algol68g"
#define VERSION "3.0.7"
#define HAVE_GCC 1
#define C_COMPILER "gcc"
#define INCLUDE_DIR ""
#define HAVE_EXPORT_DYNAMIC 1
#define HAVE_PIC "-fPIC"
#define STDC_HEADERS 1
#define HAVE_SYS_TYPES_H 1
#define HAVE_SYS_STAT_H 1
#define HAVE_STDLIB_H 1
#define HAVE_STRING_H 1
#define HAVE_MEMORY_H 1
#define HAVE_STRINGS_H 1
#define HAVE_INTTYPES_H 1
#define HAVE_STDINT_H 1
#define HAVE_UNISTD_H 1
#define a68_pid_t pid_t
#define HAVE_USR_INCLUDE_POSTGRESQL 1
#define HAVE_MATH_H 1
#define HAVE_LIBM 1
#define STDC_HEADERS 1
#define HAVE_DIRENT_H 1
#define HAVE_SYS_WAIT_H 1
#define GWINSZ_IN_SYS_IOCTL 1
#define HAVE_ASSERT_H 1
#define HAVE_COMPLEX_H 1
#define HAVE_CTYPE_H 1
#define HAVE_ERRNO_H 1
#define HAVE_FCNTL_H 1
#define HAVE_FENV_H 1
#define HAVE_FLOAT_H 1
#define HAVE_LIMITS_H 1
#define HAVE_NETDB_H 1
#define HAVE_NETINET_IN_H 1
#define HAVE_REGEX_H 1
#define HAVE_SETJMP_H 1
#define HAVE_SIGNAL_H 1
#define HAVE_STDARG_H 1
#define HAVE_STDDEF_H 1
#define HAVE_STDIO_H 1
#define HAVE_STDLIB_H 1
#define HAVE_SYS_IOCTL_H 1
#define HAVE_SYS_RESOURCE_H 1
#define HAVE_SYS_SOCKET_H 1
#define HAVE_SYS_TIME_H 1
#define HAVE_TERMIOS_H 1
#define HAVE_TIME_H 1
#define HAVE_MALLOC 1
#define HAVE_ALIGNED_ALLOC 1
#define HAVE_FREE 1
#define HAVE_SETJMP 1
#define HAVE_LONGJMP 1
#define HAVE_MEMCPY 1
#define HAVE_MEMMOVE 1
#define HAVE_MEMSET 1
#define HAVE_STRCMP 1
#define HAVE_STRNCMP 1
#define HAVE_STRNCPY 1
#define HAVE_PRINTF 1
#define HAVE_FPRINTF 1
#define HAVE_SNPRINTF 1
#define HAVE_SIGNAL 1
#define HAVE_EXIT 1
#define HAVE_SQRT 1
#define HAVE_CSQRT 1
#define HAVE_FINITE 1
#define HAVE_ISNAN 1
#define HAVE_ISINF 1
#define HAVE_LONG_TYPES 1
#define HAVE_QUADMATH_H 1
#define HAVE_LIBQUADMATH 1
#define HAVE_QUADMATH 1
#define HAVE_LIBGMP 1
#define HAVE_MPFR_H 1
#define HAVE_LIBMPFR 1
#define HAVE_GNU_MPFR 1
#define HAVE_PTHREAD_H 1
#define HAVE_LIBPTHREAD 1
#define BUILD_PARALLEL_CLAUSE 1
#define HAVE_RMATH_H 1
#define HAVE_LIBRMATH 1
#define HAVE_MATHLIB 1
#define HAVE_LIBGSLCBLAS 1
#define HAVE_LIBGSL 1
#define HAVE_GSL_GSL_BLAS_H 1
#define HAVE_GSL_GSL_COMPLEX_H 1
#define HAVE_GSL_GSL_COMPLEX_MATH_H 1
#define HAVE_GSL_GSL_ERRNO_H 1
#define HAVE_GSL_GSL_FFT_COMPLEX_H 1
#define HAVE_GSL_GSL_INTEGRATION_H 1
#define HAVE_GSL_GSL_LINALG_H 1
#define HAVE_GSL_GSL_MATH_H 1
#define HAVE_GSL_GSL_MATRIX_H 1
#define HAVE_GSL_GSL_PERMUTATION_H 1
#define HAVE_GSL_GSL_SF_H 1
#define HAVE_GSL_GSL_VECTOR_H 1
#define HAVE_GSL_GSL_VERSION_H 1
#define HAVE_GSL 1
#define HAVE_CURSES_H 1
#define HAVE_LIBTINFO 1
#define HAVE_LIBTIC 1
#define HAVE_LIBNCURSES 1
#define HAVE_READLINE_READLINE_H 1
#define HAVE_READLINE_HISTORY_H 1
#define HAVE_LIBREADLINE 1
#define HAVE_READLINE 1
#define HAVE_CURSES 1
#define HAVE_LIBPQ_FE_H 1
#define HAVE_LIBPQ 1
#define HAVE_POSTGRESQL 1
#define HAVE_DLFCN_H 1
#define HAVE_DL 1

configure: exit 0
